2021-07-01 06:11:38,852 DEBUG    root            Loaded Command Group: ['gcloud', 'config']
2021-07-01 06:11:38,855 DEBUG    root            Loaded Command Group: ['gcloud', 'config', 'config_helper']
2021-07-01 06:11:38,857 DEBUG    root            Running [gcloud.config.config-helper] with arguments: [--format: "json", --min-expiry: "3600"]
2021-07-01 06:11:38,869 DEBUG    google.auth.transport.requests Making request: POST https://oauth2.googleapis.com/token
2021-07-01 06:11:38,880 DEBUG    urllib3.connectionpool Starting new HTTPS connection (1): oauth2.googleapis.com:443
2021-07-01 06:11:39,028 DEBUG    urllib3.connectionpool https://oauth2.googleapis.com:443 "POST /token HTTP/1.1" 200 None
2021-07-01 06:11:39,032 DEBUG    google.auth.transport.requests Making request: POST https://oauth2.googleapis.com/token
2021-07-01 06:11:39,034 DEBUG    urllib3.connectionpool Starting new HTTPS connection (1): oauth2.googleapis.com:443
2021-07-01 06:11:39,191 DEBUG    urllib3.connectionpool https://oauth2.googleapis.com:443 "POST /token HTTP/1.1" 200 None
2021-07-01 06:11:39,197 INFO     root            Display format: "default json"
2021-07-01 06:11:39,198 INFO     ___FILE_ONLY___ {
  "configuration": {
    "active_configuration": "default",
    "properties": {
      "core": {
        "account": "dazyhero@gmail.com",
        "disable_usage_reporting": "True",
        "project": "ithub-316817"
      }
    }
  },
  "credential": {
    "access_token": "ya29.a0ARrdaM_mD_xVe7k-CsE3vMNbVuamUYAaegGy6spHKarIE0HwPQCZYiBS1eta3DXa9R9bELyC4ilgN3tf-m9IMG-pPJ7_RItPCG1Pu8cZWKdFlaHQDIViHz8ariBCcL3E0Jwm_xgVQ0ASKzz2XASgjBVkVZzjFOoFcEos3w",
    "id_token": "eyJhbGciOiJSUzI1NiIsImtpZCI6IjExMmU0YjUyYWI4MzMwMTdkMzg1Y2UwZDBiNGM2MDU4N2VkMjU4NDIiLCJ0eXAiOiJKV1QifQ.eyJpc3MiOiJodHRwczovL2FjY291bnRzLmdvb2dsZS5jb20iLCJhenAiOiIzMjU1NTk0MDU1OS5hcHBzLmdvb2dsZXVzZXJjb250ZW50LmNvbSIsImF1ZCI6IjMyNTU1OTQwNTU5LmFwcHMuZ29vZ2xldXNlcmNvbnRlbnQuY29tIiwic3ViIjoiMTE2MDc3OTkzNTAwMjE5NTE3MzgzIiwiZW1haWwiOiJkYXp5aGVyb0BnbWFpbC5jb20iLCJlbWFpbF92ZXJpZmllZCI6dHJ1ZSwiYXRfaGFzaCI6IlNJb2JlWkxGUThpSHM2ZXo5SmZrZHciLCJpYXQiOjE2MjUxMDkwOTksImV4cCI6MTYyNTExMjY5OX0.QZKEUpMFAXEXwql53z1Y53LlvMDHoyThqrExYMe4RIwxIdUsIOXag7T46KTNIskIbzs45PjZ_ug5qYhQY_C0ozrytYCz475TqLr9haa2IVO3TPYOxSOeFybBsL5oPCvnxqNa8ynHvsRsqpEmYu-aWVhXyJ8V7l_g0n8NlOghGxG4KIIzfKriYtOZ1KKoB1IeLpiN82ihAYT_YlW56fosLzBZ4H-1eYSMp_wlSei6StCxog-S-rPD5n7475Mr0dQSJujkITymwfLWOrJBTgtslSRw1MfvdkY5PUx0nffruPWJUQNiLj1VMXLdCCnU7QMtXjrICA9Xd2taO_fc6gG3Jw",
    "token_expiry": "2021-07-01T04:11:38Z"
  },
  "sentinels": {
    "config_sentinel": "/Users/dazyhero/.config/gcloud/config_sentinel"
  }
}
2021-07-01 06:11:39,198 INFO     ___FILE_ONLY___ 

