2021-06-29 15:16:54,858 DEBUG    root            Loaded Command Group: ['gcloud', 'sql']
2021-06-29 15:16:54,859 DEBUG    root            Loaded Command Group: ['gcloud', 'sql', 'instances']
2021-06-29 15:16:54,871 DEBUG    root            Loaded Command Group: ['gcloud', 'sql', 'instances', 'describe']
2021-06-29 15:16:54,873 DEBUG    root            Running [gcloud.sql.instances.describe] with arguments: [INSTANCE: "ithub-db"]
2021-06-29 15:16:54,886 DEBUG    urllib3.connectionpool Starting new HTTPS connection (1): sqladmin.googleapis.com:443
2021-06-29 15:16:55,295 DEBUG    urllib3.connectionpool https://sqladmin.googleapis.com:443 "GET /sql/v1beta4/projects/ithub-316817/instances/ithub-db?alt=json HTTP/1.1" 200 None
2021-06-29 15:16:55,299 INFO     root            Display format: ":(settings.userLabels:alias=labels:label=LABELS) default"
2021-06-29 15:16:55,301 INFO     ___FILE_ONLY___ backendType
2021-06-29 15:16:55,301 INFO     ___FILE_ONLY___ :
2021-06-29 15:16:55,301 INFO     ___FILE_ONLY___  
2021-06-29 15:16:55,301 INFO     ___FILE_ONLY___ SECOND_GEN
2021-06-29 15:16:55,301 INFO     ___FILE_ONLY___ 

2021-06-29 15:16:55,302 INFO     ___FILE_ONLY___ connectionName
2021-06-29 15:16:55,302 INFO     ___FILE_ONLY___ :
2021-06-29 15:16:55,302 INFO     ___FILE_ONLY___  
2021-06-29 15:16:55,302 INFO     ___FILE_ONLY___ ithub-316817:europe-west6:ithub-db
2021-06-29 15:16:55,302 INFO     ___FILE_ONLY___ 

2021-06-29 15:16:55,302 INFO     ___FILE_ONLY___ databaseVersion
2021-06-29 15:16:55,302 INFO     ___FILE_ONLY___ :
2021-06-29 15:16:55,302 INFO     ___FILE_ONLY___  
2021-06-29 15:16:55,302 INFO     ___FILE_ONLY___ POSTGRES_13
2021-06-29 15:16:55,302 INFO     ___FILE_ONLY___ 

2021-06-29 15:16:55,302 INFO     ___FILE_ONLY___ etag
2021-06-29 15:16:55,302 INFO     ___FILE_ONLY___ :
2021-06-29 15:16:55,303 INFO     ___FILE_ONLY___  
2021-06-29 15:16:55,303 INFO     ___FILE_ONLY___ dc896aa3f52128a7d4dd79b459df66fef37b75251ed1532a63788c8231757b31
2021-06-29 15:16:55,303 INFO     ___FILE_ONLY___ 

2021-06-29 15:16:55,303 INFO     ___FILE_ONLY___ gceZone
2021-06-29 15:16:55,303 INFO     ___FILE_ONLY___ :
2021-06-29 15:16:55,303 INFO     ___FILE_ONLY___  
2021-06-29 15:16:55,303 INFO     ___FILE_ONLY___ europe-west6-a
2021-06-29 15:16:55,303 INFO     ___FILE_ONLY___ 

2021-06-29 15:16:55,304 INFO     ___FILE_ONLY___ instanceType
2021-06-29 15:16:55,304 INFO     ___FILE_ONLY___ :
2021-06-29 15:16:55,304 INFO     ___FILE_ONLY___  
2021-06-29 15:16:55,304 INFO     ___FILE_ONLY___ CLOUD_SQL_INSTANCE
2021-06-29 15:16:55,304 INFO     ___FILE_ONLY___ 

2021-06-29 15:16:55,304 INFO     ___FILE_ONLY___ ipAddresses
2021-06-29 15:16:55,304 INFO     ___FILE_ONLY___ :
2021-06-29 15:16:55,306 INFO     ___FILE_ONLY___ 

2021-06-29 15:16:55,306 INFO     ___FILE_ONLY___ -
2021-06-29 15:16:55,306 INFO     ___FILE_ONLY___  
2021-06-29 15:16:55,307 INFO     ___FILE_ONLY___ ipAddress
2021-06-29 15:16:55,307 INFO     ___FILE_ONLY___ :
2021-06-29 15:16:55,307 INFO     ___FILE_ONLY___  
2021-06-29 15:16:55,307 INFO     ___FILE_ONLY___ 34.65.33.18
2021-06-29 15:16:55,307 INFO     ___FILE_ONLY___ 

2021-06-29 15:16:55,307 INFO     ___FILE_ONLY___   
2021-06-29 15:16:55,307 INFO     ___FILE_ONLY___ type
2021-06-29 15:16:55,307 INFO     ___FILE_ONLY___ :
2021-06-29 15:16:55,307 INFO     ___FILE_ONLY___  
2021-06-29 15:16:55,307 INFO     ___FILE_ONLY___ PRIMARY
2021-06-29 15:16:55,308 INFO     ___FILE_ONLY___ 

2021-06-29 15:16:55,308 INFO     ___FILE_ONLY___ -
2021-06-29 15:16:55,308 INFO     ___FILE_ONLY___  
2021-06-29 15:16:55,308 INFO     ___FILE_ONLY___ ipAddress
2021-06-29 15:16:55,308 INFO     ___FILE_ONLY___ :
2021-06-29 15:16:55,308 INFO     ___FILE_ONLY___  
2021-06-29 15:16:55,308 INFO     ___FILE_ONLY___ 34.65.9.41
2021-06-29 15:16:55,308 INFO     ___FILE_ONLY___ 

2021-06-29 15:16:55,308 INFO     ___FILE_ONLY___   
2021-06-29 15:16:55,308 INFO     ___FILE_ONLY___ type
2021-06-29 15:16:55,308 INFO     ___FILE_ONLY___ :
2021-06-29 15:16:55,308 INFO     ___FILE_ONLY___  
2021-06-29 15:16:55,309 INFO     ___FILE_ONLY___ OUTGOING
2021-06-29 15:16:55,309 INFO     ___FILE_ONLY___ 

2021-06-29 15:16:55,309 INFO     ___FILE_ONLY___ kind
2021-06-29 15:16:55,309 INFO     ___FILE_ONLY___ :
2021-06-29 15:16:55,309 INFO     ___FILE_ONLY___  
2021-06-29 15:16:55,309 INFO     ___FILE_ONLY___ sql#instance
2021-06-29 15:16:55,309 INFO     ___FILE_ONLY___ 

2021-06-29 15:16:55,309 INFO     ___FILE_ONLY___ name
2021-06-29 15:16:55,309 INFO     ___FILE_ONLY___ :
2021-06-29 15:16:55,309 INFO     ___FILE_ONLY___  
2021-06-29 15:16:55,309 INFO     ___FILE_ONLY___ ithub-db
2021-06-29 15:16:55,309 INFO     ___FILE_ONLY___ 

2021-06-29 15:16:55,310 INFO     ___FILE_ONLY___ project
2021-06-29 15:16:55,310 INFO     ___FILE_ONLY___ :
2021-06-29 15:16:55,310 INFO     ___FILE_ONLY___  
2021-06-29 15:16:55,310 INFO     ___FILE_ONLY___ ithub-316817
2021-06-29 15:16:55,310 INFO     ___FILE_ONLY___ 

2021-06-29 15:16:55,310 INFO     ___FILE_ONLY___ region
2021-06-29 15:16:55,310 INFO     ___FILE_ONLY___ :
2021-06-29 15:16:55,310 INFO     ___FILE_ONLY___  
2021-06-29 15:16:55,310 INFO     ___FILE_ONLY___ europe-west6
2021-06-29 15:16:55,310 INFO     ___FILE_ONLY___ 

2021-06-29 15:16:55,310 INFO     ___FILE_ONLY___ selfLink
2021-06-29 15:16:55,310 INFO     ___FILE_ONLY___ :
2021-06-29 15:16:55,311 INFO     ___FILE_ONLY___  
2021-06-29 15:16:55,311 INFO     ___FILE_ONLY___ https://sqladmin.googleapis.com/sql/v1beta4/projects/ithub-316817/instances/ithub-db
2021-06-29 15:16:55,311 INFO     ___FILE_ONLY___ 

2021-06-29 15:16:55,311 INFO     ___FILE_ONLY___ serverCaCert
2021-06-29 15:16:55,311 INFO     ___FILE_ONLY___ :
2021-06-29 15:16:55,311 INFO     ___FILE_ONLY___ 

2021-06-29 15:16:55,311 INFO     ___FILE_ONLY___   
2021-06-29 15:16:55,311 INFO     ___FILE_ONLY___ cert
2021-06-29 15:16:55,311 INFO     ___FILE_ONLY___ :
2021-06-29 15:16:55,312 INFO     ___FILE_ONLY___  |-
2021-06-29 15:16:55,312 INFO     ___FILE_ONLY___ 

2021-06-29 15:16:55,312 INFO     ___FILE_ONLY___     
2021-06-29 15:16:55,312 INFO     ___FILE_ONLY___ -----BEGIN CERTIFICATE-----
2021-06-29 15:16:55,312 INFO     ___FILE_ONLY___ 

2021-06-29 15:16:55,312 INFO     ___FILE_ONLY___     
2021-06-29 15:16:55,312 INFO     ___FILE_ONLY___ MIIDfzCCAmegAwIBAgIBADANBgkqhkiG9w0BAQsFADB3MS0wKwYDVQQuEyRlMTE3
2021-06-29 15:16:55,312 INFO     ___FILE_ONLY___ 

2021-06-29 15:16:55,313 INFO     ___FILE_ONLY___     
2021-06-29 15:16:55,313 INFO     ___FILE_ONLY___ OGY2Yi02ZGIxLTQ5NGQtOTI4OC0xMDNmZDUxN2JiZTIxIzAhBgNVBAMTGkdvb2ds
2021-06-29 15:16:55,313 INFO     ___FILE_ONLY___ 

2021-06-29 15:16:55,313 INFO     ___FILE_ONLY___     
2021-06-29 15:16:55,313 INFO     ___FILE_ONLY___ ZSBDbG91ZCBTUUwgU2VydmVyIENBMRQwEgYDVQQKEwtHb29nbGUsIEluYzELMAkG
2021-06-29 15:16:55,313 INFO     ___FILE_ONLY___ 

2021-06-29 15:16:55,313 INFO     ___FILE_ONLY___     
2021-06-29 15:16:55,313 INFO     ___FILE_ONLY___ A1UEBhMCVVMwHhcNMjEwNjI2MDU0ODAyWhcNMzEwNjI0MDU0OTAyWjB3MS0wKwYD
2021-06-29 15:16:55,313 INFO     ___FILE_ONLY___ 

2021-06-29 15:16:55,313 INFO     ___FILE_ONLY___     
2021-06-29 15:16:55,313 INFO     ___FILE_ONLY___ VQQuEyRlMTE3OGY2Yi02ZGIxLTQ5NGQtOTI4OC0xMDNmZDUxN2JiZTIxIzAhBgNV
2021-06-29 15:16:55,313 INFO     ___FILE_ONLY___ 

2021-06-29 15:16:55,313 INFO     ___FILE_ONLY___     
2021-06-29 15:16:55,313 INFO     ___FILE_ONLY___ BAMTGkdvb2dsZSBDbG91ZCBTUUwgU2VydmVyIENBMRQwEgYDVQQKEwtHb29nbGUs
2021-06-29 15:16:55,313 INFO     ___FILE_ONLY___ 

2021-06-29 15:16:55,313 INFO     ___FILE_ONLY___     
2021-06-29 15:16:55,313 INFO     ___FILE_ONLY___ IEluYzELMAkGA1UEBhMCVVMwggEiMA0GCSqGSIb3DQEBAQUAA4IBDwAwggEKAoIB
2021-06-29 15:16:55,314 INFO     ___FILE_ONLY___ 

2021-06-29 15:16:55,314 INFO     ___FILE_ONLY___     
2021-06-29 15:16:55,314 INFO     ___FILE_ONLY___ AQCO8hVyJe7845cqSOiiIxAyTiwhdcU0zL3yQjBp8mKX+kX7ZlknyEA+Hq/zxQaI
2021-06-29 15:16:55,314 INFO     ___FILE_ONLY___ 

2021-06-29 15:16:55,314 INFO     ___FILE_ONLY___     
2021-06-29 15:16:55,314 INFO     ___FILE_ONLY___ jkTnOF0BYFEUTiHqEf+Eu3SbtmpxUBDeCweGl2XwBGPG8cRr7Za01/QjQC1tdXj4
2021-06-29 15:16:55,314 INFO     ___FILE_ONLY___ 

2021-06-29 15:16:55,314 INFO     ___FILE_ONLY___     
2021-06-29 15:16:55,314 INFO     ___FILE_ONLY___ 5OKZoT7W9yRjTp+jUkqzROwX2sfVL6wxxxzX+vftL/VZYHhoyc+SEZqiddxdTEQe
2021-06-29 15:16:55,314 INFO     ___FILE_ONLY___ 

2021-06-29 15:16:55,314 INFO     ___FILE_ONLY___     
2021-06-29 15:16:55,314 INFO     ___FILE_ONLY___ 2SApbx/aHNWmK6dcTiCG/LJtPSwXxrfM7lpBsB4Rp78tt6s+0pIBZGEJJkJjeqOg
2021-06-29 15:16:55,314 INFO     ___FILE_ONLY___ 

2021-06-29 15:16:55,314 INFO     ___FILE_ONLY___     
2021-06-29 15:16:55,314 INFO     ___FILE_ONLY___ F+VQLnqnW3Kg+zWkiIF6hg2ome/fNucWk0euqtYIJNCRy3lA6O3xpbhO63EJiEO5
2021-06-29 15:16:55,314 INFO     ___FILE_ONLY___ 

2021-06-29 15:16:55,314 INFO     ___FILE_ONLY___     
2021-06-29 15:16:55,315 INFO     ___FILE_ONLY___ 08g4PazX9qC5s1Bl/+GDs4wtAgMBAAGjFjAUMBIGA1UdEwEB/wQIMAYBAf8CAQAw
2021-06-29 15:16:55,315 INFO     ___FILE_ONLY___ 

2021-06-29 15:16:55,315 INFO     ___FILE_ONLY___     
2021-06-29 15:16:55,315 INFO     ___FILE_ONLY___ DQYJKoZIhvcNAQELBQADggEBAHfYkToua+JwSobSrDgjmSjuQPQYan+IesJcRyVA
2021-06-29 15:16:55,315 INFO     ___FILE_ONLY___ 

2021-06-29 15:16:55,315 INFO     ___FILE_ONLY___     
2021-06-29 15:16:55,315 INFO     ___FILE_ONLY___ g12PUVf6Eis/7B2f93k+RbSAmxn+GBKJ6btXeEyF06W691YzS4iMlQQXSYQVzMgx
2021-06-29 15:16:55,315 INFO     ___FILE_ONLY___ 

2021-06-29 15:16:55,315 INFO     ___FILE_ONLY___     
2021-06-29 15:16:55,315 INFO     ___FILE_ONLY___ V0toETD7Ja2nTa0qLpg13MkETLJBqZDXMQm2ghjIIyuDb5pQpIr5WKuL56L0wJV+
2021-06-29 15:16:55,315 INFO     ___FILE_ONLY___ 

2021-06-29 15:16:55,315 INFO     ___FILE_ONLY___     
2021-06-29 15:16:55,315 INFO     ___FILE_ONLY___ ep+lTxKOiuahq3LzQxAjLMGmjiyWQR40/6fCIF3Ukcjnq4x8cHqAd3LLoLF4OGZT
2021-06-29 15:16:55,315 INFO     ___FILE_ONLY___ 

2021-06-29 15:16:55,315 INFO     ___FILE_ONLY___     
2021-06-29 15:16:55,315 INFO     ___FILE_ONLY___ zrD1HLVnXjO1vIG4cazBhUcSej/HsdtYefqtr2R3I0xM+D5NvjaNK+9XbGa+Zh4/
2021-06-29 15:16:55,315 INFO     ___FILE_ONLY___ 

2021-06-29 15:16:55,316 INFO     ___FILE_ONLY___     
2021-06-29 15:16:55,316 INFO     ___FILE_ONLY___ U199nLx+M6u9MftjssJB8nusOII2NInx02gWOPemCo7KDXY=
2021-06-29 15:16:55,316 INFO     ___FILE_ONLY___ 

2021-06-29 15:16:55,316 INFO     ___FILE_ONLY___     
2021-06-29 15:16:55,316 INFO     ___FILE_ONLY___ -----END CERTIFICATE-----
2021-06-29 15:16:55,316 INFO     ___FILE_ONLY___ 

2021-06-29 15:16:55,316 INFO     ___FILE_ONLY___   
2021-06-29 15:16:55,316 INFO     ___FILE_ONLY___ certSerialNumber
2021-06-29 15:16:55,316 INFO     ___FILE_ONLY___ :
2021-06-29 15:16:55,316 INFO     ___FILE_ONLY___  '
2021-06-29 15:16:55,316 INFO     ___FILE_ONLY___ 0
2021-06-29 15:16:55,316 INFO     ___FILE_ONLY___ '
2021-06-29 15:16:55,316 INFO     ___FILE_ONLY___ 

2021-06-29 15:16:55,316 INFO     ___FILE_ONLY___   
2021-06-29 15:16:55,316 INFO     ___FILE_ONLY___ commonName
2021-06-29 15:16:55,317 INFO     ___FILE_ONLY___ :
2021-06-29 15:16:55,317 INFO     ___FILE_ONLY___  
2021-06-29 15:16:55,317 INFO     ___FILE_ONLY___ C=US,O=Google\,
2021-06-29 15:16:55,317 INFO     ___FILE_ONLY___  
2021-06-29 15:16:55,317 INFO     ___FILE_ONLY___ Inc,CN=Google
2021-06-29 15:16:55,317 INFO     ___FILE_ONLY___  
2021-06-29 15:16:55,317 INFO     ___FILE_ONLY___ Cloud
2021-06-29 15:16:55,317 INFO     ___FILE_ONLY___  
2021-06-29 15:16:55,317 INFO     ___FILE_ONLY___ SQL
2021-06-29 15:16:55,317 INFO     ___FILE_ONLY___  
2021-06-29 15:16:55,317 INFO     ___FILE_ONLY___ Server
2021-06-29 15:16:55,317 INFO     ___FILE_ONLY___  
2021-06-29 15:16:55,317 INFO     ___FILE_ONLY___ CA,dnQualifier=e1178f6b-6db1-494d-9288-103fd517bbe2
2021-06-29 15:16:55,317 INFO     ___FILE_ONLY___ 

2021-06-29 15:16:55,317 INFO     ___FILE_ONLY___   
2021-06-29 15:16:55,317 INFO     ___FILE_ONLY___ createTime
2021-06-29 15:16:55,318 INFO     ___FILE_ONLY___ :
2021-06-29 15:16:55,318 INFO     ___FILE_ONLY___  '
2021-06-29 15:16:55,318 INFO     ___FILE_ONLY___ 2021-06-26T05:48:02.701Z
2021-06-29 15:16:55,318 INFO     ___FILE_ONLY___ '
2021-06-29 15:16:55,318 INFO     ___FILE_ONLY___ 

2021-06-29 15:16:55,318 INFO     ___FILE_ONLY___   
2021-06-29 15:16:55,318 INFO     ___FILE_ONLY___ expirationTime
2021-06-29 15:16:55,318 INFO     ___FILE_ONLY___ :
2021-06-29 15:16:55,318 INFO     ___FILE_ONLY___  '
2021-06-29 15:16:55,318 INFO     ___FILE_ONLY___ 2031-06-24T05:49:02.701Z
2021-06-29 15:16:55,318 INFO     ___FILE_ONLY___ '
2021-06-29 15:16:55,318 INFO     ___FILE_ONLY___ 

2021-06-29 15:16:55,318 INFO     ___FILE_ONLY___   
2021-06-29 15:16:55,318 INFO     ___FILE_ONLY___ instance
2021-06-29 15:16:55,319 INFO     ___FILE_ONLY___ :
2021-06-29 15:16:55,319 INFO     ___FILE_ONLY___  
2021-06-29 15:16:55,319 INFO     ___FILE_ONLY___ ithub-db
2021-06-29 15:16:55,319 INFO     ___FILE_ONLY___ 

2021-06-29 15:16:55,319 INFO     ___FILE_ONLY___   
2021-06-29 15:16:55,319 INFO     ___FILE_ONLY___ kind
2021-06-29 15:16:55,319 INFO     ___FILE_ONLY___ :
2021-06-29 15:16:55,319 INFO     ___FILE_ONLY___  
2021-06-29 15:16:55,319 INFO     ___FILE_ONLY___ sql#sslCert
2021-06-29 15:16:55,319 INFO     ___FILE_ONLY___ 

2021-06-29 15:16:55,319 INFO     ___FILE_ONLY___   
2021-06-29 15:16:55,319 INFO     ___FILE_ONLY___ sha1Fingerprint
2021-06-29 15:16:55,319 INFO     ___FILE_ONLY___ :
2021-06-29 15:16:55,319 INFO     ___FILE_ONLY___  
2021-06-29 15:16:55,319 INFO     ___FILE_ONLY___ 5b46205c7179ab389f701d37441afb28608cd0a9
2021-06-29 15:16:55,320 INFO     ___FILE_ONLY___ 

2021-06-29 15:16:55,320 INFO     ___FILE_ONLY___ serviceAccountEmailAddress
2021-06-29 15:16:55,320 INFO     ___FILE_ONLY___ :
2021-06-29 15:16:55,320 INFO     ___FILE_ONLY___  
2021-06-29 15:16:55,320 INFO     ___FILE_ONLY___ p86449874741-t98bpw@gcp-sa-cloud-sql.iam.gserviceaccount.com
2021-06-29 15:16:55,320 INFO     ___FILE_ONLY___ 

2021-06-29 15:16:55,320 INFO     ___FILE_ONLY___ settings
2021-06-29 15:16:55,320 INFO     ___FILE_ONLY___ :
2021-06-29 15:16:55,320 INFO     ___FILE_ONLY___ 

2021-06-29 15:16:55,320 INFO     ___FILE_ONLY___   
2021-06-29 15:16:55,320 INFO     ___FILE_ONLY___ activationPolicy
2021-06-29 15:16:55,320 INFO     ___FILE_ONLY___ :
2021-06-29 15:16:55,321 INFO     ___FILE_ONLY___  
2021-06-29 15:16:55,321 INFO     ___FILE_ONLY___ ALWAYS
2021-06-29 15:16:55,321 INFO     ___FILE_ONLY___ 

2021-06-29 15:16:55,321 INFO     ___FILE_ONLY___   
2021-06-29 15:16:55,321 INFO     ___FILE_ONLY___ availabilityType
2021-06-29 15:16:55,321 INFO     ___FILE_ONLY___ :
2021-06-29 15:16:55,321 INFO     ___FILE_ONLY___  
2021-06-29 15:16:55,321 INFO     ___FILE_ONLY___ ZONAL
2021-06-29 15:16:55,321 INFO     ___FILE_ONLY___ 

2021-06-29 15:16:55,321 INFO     ___FILE_ONLY___   
2021-06-29 15:16:55,321 INFO     ___FILE_ONLY___ backupConfiguration
2021-06-29 15:16:55,321 INFO     ___FILE_ONLY___ :
2021-06-29 15:16:55,321 INFO     ___FILE_ONLY___ 

2021-06-29 15:16:55,321 INFO     ___FILE_ONLY___     
2021-06-29 15:16:55,322 INFO     ___FILE_ONLY___ backupRetentionSettings
2021-06-29 15:16:55,322 INFO     ___FILE_ONLY___ :
2021-06-29 15:16:55,322 INFO     ___FILE_ONLY___ 

2021-06-29 15:16:55,322 INFO     ___FILE_ONLY___       
2021-06-29 15:16:55,322 INFO     ___FILE_ONLY___ retainedBackups
2021-06-29 15:16:55,322 INFO     ___FILE_ONLY___ :
2021-06-29 15:16:55,322 INFO     ___FILE_ONLY___  
2021-06-29 15:16:55,322 INFO     ___FILE_ONLY___ 7
2021-06-29 15:16:55,322 INFO     ___FILE_ONLY___ 

2021-06-29 15:16:55,322 INFO     ___FILE_ONLY___       
2021-06-29 15:16:55,322 INFO     ___FILE_ONLY___ retentionUnit
2021-06-29 15:16:55,322 INFO     ___FILE_ONLY___ :
2021-06-29 15:16:55,323 INFO     ___FILE_ONLY___  
2021-06-29 15:16:55,323 INFO     ___FILE_ONLY___ COUNT
2021-06-29 15:16:55,323 INFO     ___FILE_ONLY___ 

2021-06-29 15:16:55,323 INFO     ___FILE_ONLY___     
2021-06-29 15:16:55,323 INFO     ___FILE_ONLY___ enabled
2021-06-29 15:16:55,323 INFO     ___FILE_ONLY___ :
2021-06-29 15:16:55,323 INFO     ___FILE_ONLY___  
2021-06-29 15:16:55,323 INFO     ___FILE_ONLY___ false
2021-06-29 15:16:55,323 INFO     ___FILE_ONLY___ 

2021-06-29 15:16:55,323 INFO     ___FILE_ONLY___     
2021-06-29 15:16:55,323 INFO     ___FILE_ONLY___ kind
2021-06-29 15:16:55,323 INFO     ___FILE_ONLY___ :
2021-06-29 15:16:55,323 INFO     ___FILE_ONLY___  
2021-06-29 15:16:55,323 INFO     ___FILE_ONLY___ sql#backupConfiguration
2021-06-29 15:16:55,324 INFO     ___FILE_ONLY___ 

2021-06-29 15:16:55,324 INFO     ___FILE_ONLY___     
2021-06-29 15:16:55,324 INFO     ___FILE_ONLY___ location
2021-06-29 15:16:55,324 INFO     ___FILE_ONLY___ :
2021-06-29 15:16:55,324 INFO     ___FILE_ONLY___  
2021-06-29 15:16:55,324 INFO     ___FILE_ONLY___ us
2021-06-29 15:16:55,324 INFO     ___FILE_ONLY___ 

2021-06-29 15:16:55,324 INFO     ___FILE_ONLY___     
2021-06-29 15:16:55,324 INFO     ___FILE_ONLY___ pointInTimeRecoveryEnabled
2021-06-29 15:16:55,324 INFO     ___FILE_ONLY___ :
2021-06-29 15:16:55,324 INFO     ___FILE_ONLY___  
2021-06-29 15:16:55,324 INFO     ___FILE_ONLY___ false
2021-06-29 15:16:55,324 INFO     ___FILE_ONLY___ 

2021-06-29 15:16:55,325 INFO     ___FILE_ONLY___     
2021-06-29 15:16:55,325 INFO     ___FILE_ONLY___ replicationLogArchivingEnabled
2021-06-29 15:16:55,325 INFO     ___FILE_ONLY___ :
2021-06-29 15:16:55,325 INFO     ___FILE_ONLY___  
2021-06-29 15:16:55,325 INFO     ___FILE_ONLY___ false
2021-06-29 15:16:55,325 INFO     ___FILE_ONLY___ 

2021-06-29 15:16:55,325 INFO     ___FILE_ONLY___     
2021-06-29 15:16:55,325 INFO     ___FILE_ONLY___ startTime
2021-06-29 15:16:55,325 INFO     ___FILE_ONLY___ :
2021-06-29 15:16:55,325 INFO     ___FILE_ONLY___  
2021-06-29 15:16:55,325 INFO     ___FILE_ONLY___ 05:00
2021-06-29 15:16:55,325 INFO     ___FILE_ONLY___ 

2021-06-29 15:16:55,325 INFO     ___FILE_ONLY___     
2021-06-29 15:16:55,325 INFO     ___FILE_ONLY___ transactionLogRetentionDays
2021-06-29 15:16:55,326 INFO     ___FILE_ONLY___ :
2021-06-29 15:16:55,326 INFO     ___FILE_ONLY___  
2021-06-29 15:16:55,326 INFO     ___FILE_ONLY___ 7
2021-06-29 15:16:55,326 INFO     ___FILE_ONLY___ 

2021-06-29 15:16:55,326 INFO     ___FILE_ONLY___   
2021-06-29 15:16:55,326 INFO     ___FILE_ONLY___ dataDiskSizeGb
2021-06-29 15:16:55,326 INFO     ___FILE_ONLY___ :
2021-06-29 15:16:55,326 INFO     ___FILE_ONLY___  '
2021-06-29 15:16:55,326 INFO     ___FILE_ONLY___ 10
2021-06-29 15:16:55,326 INFO     ___FILE_ONLY___ '
2021-06-29 15:16:55,326 INFO     ___FILE_ONLY___ 

2021-06-29 15:16:55,326 INFO     ___FILE_ONLY___   
2021-06-29 15:16:55,326 INFO     ___FILE_ONLY___ dataDiskType
2021-06-29 15:16:55,326 INFO     ___FILE_ONLY___ :
2021-06-29 15:16:55,326 INFO     ___FILE_ONLY___  
2021-06-29 15:16:55,327 INFO     ___FILE_ONLY___ PD_SSD
2021-06-29 15:16:55,327 INFO     ___FILE_ONLY___ 

2021-06-29 15:16:55,327 INFO     ___FILE_ONLY___   
2021-06-29 15:16:55,327 INFO     ___FILE_ONLY___ ipConfiguration
2021-06-29 15:16:55,327 INFO     ___FILE_ONLY___ :
2021-06-29 15:16:55,327 INFO     ___FILE_ONLY___ 

2021-06-29 15:16:55,327 INFO     ___FILE_ONLY___     
2021-06-29 15:16:55,327 INFO     ___FILE_ONLY___ authorizedNetworks
2021-06-29 15:16:55,327 INFO     ___FILE_ONLY___ :
2021-06-29 15:16:55,327 INFO     ___FILE_ONLY___ 

2021-06-29 15:16:55,327 INFO     ___FILE_ONLY___     
2021-06-29 15:16:55,327 INFO     ___FILE_ONLY___ -
2021-06-29 15:16:55,327 INFO     ___FILE_ONLY___  
2021-06-29 15:16:55,327 INFO     ___FILE_ONLY___ expirationTime
2021-06-29 15:16:55,328 INFO     ___FILE_ONLY___ :
2021-06-29 15:16:55,328 INFO     ___FILE_ONLY___  '
2021-06-29 15:16:55,328 INFO     ___FILE_ONLY___ 2021-06-29T12:19:43.010Z
2021-06-29 15:16:55,328 INFO     ___FILE_ONLY___ '
2021-06-29 15:16:55,328 INFO     ___FILE_ONLY___ 

2021-06-29 15:16:55,328 INFO     ___FILE_ONLY___       
2021-06-29 15:16:55,328 INFO     ___FILE_ONLY___ kind
2021-06-29 15:16:55,328 INFO     ___FILE_ONLY___ :
2021-06-29 15:16:55,328 INFO     ___FILE_ONLY___  
2021-06-29 15:16:55,328 INFO     ___FILE_ONLY___ sql#aclEntry
2021-06-29 15:16:55,328 INFO     ___FILE_ONLY___ 

2021-06-29 15:16:55,328 INFO     ___FILE_ONLY___       
2021-06-29 15:16:55,328 INFO     ___FILE_ONLY___ name
2021-06-29 15:16:55,328 INFO     ___FILE_ONLY___ :
2021-06-29 15:16:55,328 INFO     ___FILE_ONLY___  
2021-06-29 15:16:55,329 INFO     ___FILE_ONLY___ sql
2021-06-29 15:16:55,329 INFO     ___FILE_ONLY___  
2021-06-29 15:16:55,329 INFO     ___FILE_ONLY___ connect
2021-06-29 15:16:55,329 INFO     ___FILE_ONLY___  
2021-06-29 15:16:55,329 INFO     ___FILE_ONLY___ at
2021-06-29 15:16:55,329 INFO     ___FILE_ONLY___  
2021-06-29 15:16:55,329 INFO     ___FILE_ONLY___ time
2021-06-29 15:16:55,329 INFO     ___FILE_ONLY___  
2021-06-29 15:16:55,329 INFO     ___FILE_ONLY___ 2021-06-29
2021-06-29 15:16:55,329 INFO     ___FILE_ONLY___  
2021-06-29 15:16:55,329 INFO     ___FILE_ONLY___ 12:14:43.240992+00:00
2021-06-29 15:16:55,329 INFO     ___FILE_ONLY___ 

2021-06-29 15:16:55,329 INFO     ___FILE_ONLY___       
2021-06-29 15:16:55,329 INFO     ___FILE_ONLY___ value
2021-06-29 15:16:55,329 INFO     ___FILE_ONLY___ :
2021-06-29 15:16:55,330 INFO     ___FILE_ONLY___  
2021-06-29 15:16:55,330 INFO     ___FILE_ONLY___ 35.204.176.97
2021-06-29 15:16:55,330 INFO     ___FILE_ONLY___ 

2021-06-29 15:16:55,330 INFO     ___FILE_ONLY___     
2021-06-29 15:16:55,330 INFO     ___FILE_ONLY___ ipv4Enabled
2021-06-29 15:16:55,330 INFO     ___FILE_ONLY___ :
2021-06-29 15:16:55,330 INFO     ___FILE_ONLY___  
2021-06-29 15:16:55,330 INFO     ___FILE_ONLY___ true
2021-06-29 15:16:55,330 INFO     ___FILE_ONLY___ 

2021-06-29 15:16:55,330 INFO     ___FILE_ONLY___   
2021-06-29 15:16:55,330 INFO     ___FILE_ONLY___ kind
2021-06-29 15:16:55,330 INFO     ___FILE_ONLY___ :
2021-06-29 15:16:55,330 INFO     ___FILE_ONLY___  
2021-06-29 15:16:55,330 INFO     ___FILE_ONLY___ sql#settings
2021-06-29 15:16:55,331 INFO     ___FILE_ONLY___ 

2021-06-29 15:16:55,331 INFO     ___FILE_ONLY___   
2021-06-29 15:16:55,331 INFO     ___FILE_ONLY___ locationPreference
2021-06-29 15:16:55,331 INFO     ___FILE_ONLY___ :
2021-06-29 15:16:55,331 INFO     ___FILE_ONLY___ 

2021-06-29 15:16:55,331 INFO     ___FILE_ONLY___     
2021-06-29 15:16:55,331 INFO     ___FILE_ONLY___ kind
2021-06-29 15:16:55,331 INFO     ___FILE_ONLY___ :
2021-06-29 15:16:55,331 INFO     ___FILE_ONLY___  
2021-06-29 15:16:55,331 INFO     ___FILE_ONLY___ sql#locationPreference
2021-06-29 15:16:55,331 INFO     ___FILE_ONLY___ 

2021-06-29 15:16:55,331 INFO     ___FILE_ONLY___     
2021-06-29 15:16:55,331 INFO     ___FILE_ONLY___ zone
2021-06-29 15:16:55,331 INFO     ___FILE_ONLY___ :
2021-06-29 15:16:55,331 INFO     ___FILE_ONLY___  
2021-06-29 15:16:55,332 INFO     ___FILE_ONLY___ europe-west6-a
2021-06-29 15:16:55,332 INFO     ___FILE_ONLY___ 

2021-06-29 15:16:55,332 INFO     ___FILE_ONLY___   
2021-06-29 15:16:55,332 INFO     ___FILE_ONLY___ maintenanceWindow
2021-06-29 15:16:55,332 INFO     ___FILE_ONLY___ :
2021-06-29 15:16:55,332 INFO     ___FILE_ONLY___ 

2021-06-29 15:16:55,332 INFO     ___FILE_ONLY___     
2021-06-29 15:16:55,332 INFO     ___FILE_ONLY___ day
2021-06-29 15:16:55,332 INFO     ___FILE_ONLY___ :
2021-06-29 15:16:55,332 INFO     ___FILE_ONLY___  
2021-06-29 15:16:55,332 INFO     ___FILE_ONLY___ 0
2021-06-29 15:16:55,332 INFO     ___FILE_ONLY___ 

2021-06-29 15:16:55,332 INFO     ___FILE_ONLY___     
2021-06-29 15:16:55,332 INFO     ___FILE_ONLY___ hour
2021-06-29 15:16:55,332 INFO     ___FILE_ONLY___ :
2021-06-29 15:16:55,333 INFO     ___FILE_ONLY___  
2021-06-29 15:16:55,333 INFO     ___FILE_ONLY___ 0
2021-06-29 15:16:55,333 INFO     ___FILE_ONLY___ 

2021-06-29 15:16:55,333 INFO     ___FILE_ONLY___     
2021-06-29 15:16:55,333 INFO     ___FILE_ONLY___ kind
2021-06-29 15:16:55,333 INFO     ___FILE_ONLY___ :
2021-06-29 15:16:55,333 INFO     ___FILE_ONLY___  
2021-06-29 15:16:55,333 INFO     ___FILE_ONLY___ sql#maintenanceWindow
2021-06-29 15:16:55,333 INFO     ___FILE_ONLY___ 

2021-06-29 15:16:55,333 INFO     ___FILE_ONLY___   
2021-06-29 15:16:55,333 INFO     ___FILE_ONLY___ pricingPlan
2021-06-29 15:16:55,333 INFO     ___FILE_ONLY___ :
2021-06-29 15:16:55,333 INFO     ___FILE_ONLY___  
2021-06-29 15:16:55,333 INFO     ___FILE_ONLY___ PER_USE
2021-06-29 15:16:55,333 INFO     ___FILE_ONLY___ 

2021-06-29 15:16:55,334 INFO     ___FILE_ONLY___   
2021-06-29 15:16:55,334 INFO     ___FILE_ONLY___ replicationType
2021-06-29 15:16:55,334 INFO     ___FILE_ONLY___ :
2021-06-29 15:16:55,334 INFO     ___FILE_ONLY___  
2021-06-29 15:16:55,334 INFO     ___FILE_ONLY___ SYNCHRONOUS
2021-06-29 15:16:55,334 INFO     ___FILE_ONLY___ 

2021-06-29 15:16:55,334 INFO     ___FILE_ONLY___   
2021-06-29 15:16:55,334 INFO     ___FILE_ONLY___ settingsVersion
2021-06-29 15:16:55,334 INFO     ___FILE_ONLY___ :
2021-06-29 15:16:55,334 INFO     ___FILE_ONLY___  '
2021-06-29 15:16:55,334 INFO     ___FILE_ONLY___ 5
2021-06-29 15:16:55,334 INFO     ___FILE_ONLY___ '
2021-06-29 15:16:55,334 INFO     ___FILE_ONLY___ 

2021-06-29 15:16:55,335 INFO     ___FILE_ONLY___   
2021-06-29 15:16:55,335 INFO     ___FILE_ONLY___ storageAutoResize
2021-06-29 15:16:55,335 INFO     ___FILE_ONLY___ :
2021-06-29 15:16:55,335 INFO     ___FILE_ONLY___  
2021-06-29 15:16:55,335 INFO     ___FILE_ONLY___ true
2021-06-29 15:16:55,335 INFO     ___FILE_ONLY___ 

2021-06-29 15:16:55,335 INFO     ___FILE_ONLY___   
2021-06-29 15:16:55,335 INFO     ___FILE_ONLY___ storageAutoResizeLimit
2021-06-29 15:16:55,335 INFO     ___FILE_ONLY___ :
2021-06-29 15:16:55,335 INFO     ___FILE_ONLY___  '
2021-06-29 15:16:55,335 INFO     ___FILE_ONLY___ 0
2021-06-29 15:16:55,335 INFO     ___FILE_ONLY___ '
2021-06-29 15:16:55,335 INFO     ___FILE_ONLY___ 

2021-06-29 15:16:55,335 INFO     ___FILE_ONLY___   
2021-06-29 15:16:55,335 INFO     ___FILE_ONLY___ tier
2021-06-29 15:16:55,336 INFO     ___FILE_ONLY___ :
2021-06-29 15:16:55,336 INFO     ___FILE_ONLY___  
2021-06-29 15:16:55,336 INFO     ___FILE_ONLY___ db-g1-small
2021-06-29 15:16:55,336 INFO     ___FILE_ONLY___ 

2021-06-29 15:16:55,336 INFO     ___FILE_ONLY___ state
2021-06-29 15:16:55,336 INFO     ___FILE_ONLY___ :
2021-06-29 15:16:55,336 INFO     ___FILE_ONLY___  
2021-06-29 15:16:55,336 INFO     ___FILE_ONLY___ RUNNABLE
2021-06-29 15:16:55,336 INFO     ___FILE_ONLY___ 

2021-06-29 15:16:55,338 DEBUG    root            Checking for updates...
2021-06-29 15:16:55,345 DEBUG    urllib3.connectionpool Starting new HTTPS connection (1): dl.google.com:443
2021-06-29 15:16:55,485 DEBUG    urllib3.connectionpool https://dl.google.com:443 "GET /dl/cloudsdk/channels/rapid/components-2.json HTTP/1.1" 200 154398
2021-06-29 15:16:55,556 INFO     ___FILE_ONLY___ 

Updates are available for some Cloud SDK components.  To install them,
please run:
  $ gcloud components update


