2021-06-22 18:11:32,421 DEBUG    root            Loaded Command Group: ['gcloud', 'components']
2021-06-22 18:11:32,426 DEBUG    root            Loaded Command Group: ['gcloud', 'components', 'list']
2021-06-22 18:11:32,428 DEBUG    root            Running [gcloud.components.list] with arguments: [--quiet: "True"]
2021-06-22 18:11:32,477 DEBUG    urllib3.connectionpool Starting new HTTPS connection (1): dl.google.com:443
2021-06-22 18:11:32,644 DEBUG    urllib3.connectionpool https://dl.google.com:443 "GET /dl/cloudsdk/channels/rapid/components-2.json HTTP/1.1" 200 154398
2021-06-22 18:11:32,731 INFO     ___FILE_ONLY___ 
Your current Cloud SDK version is: 345.0.0

2021-06-22 18:11:32,732 INFO     ___FILE_ONLY___ The latest available version is: 346.0.0

2021-06-22 18:11:32,732 INFO     ___FILE_ONLY___ 

2021-06-22 18:11:32,733 INFO     root            Display format: "table[box,title="Components"](state.name:label=Status,name:label=Name,id:label=ID,size.size(zero="",min=1048576):label=Size:align=right)"
2021-06-22 18:11:32,747 INFO     ___FILE_ONLY___ ┌───────────────────────────────────────────────────────────────────────────────────────────────────────────────┐
2021-06-22 18:11:32,747 INFO     ___FILE_ONLY___ 

2021-06-22 18:11:32,747 INFO     ___FILE_ONLY___ │                                                   Components                                                  │
2021-06-22 18:11:32,748 INFO     ___FILE_ONLY___ 

2021-06-22 18:11:32,748 INFO     ___FILE_ONLY___ ├──────────────────┬──────────────────────────────────────────────────────┬──────────────────────────┬──────────┤
2021-06-22 18:11:32,748 INFO     ___FILE_ONLY___ 

2021-06-22 18:11:32,748 INFO     ___FILE_ONLY___ │      Status      │                         Name                         │            ID            │   Size   │
2021-06-22 18:11:32,748 INFO     ___FILE_ONLY___ 

2021-06-22 18:11:32,748 INFO     ___FILE_ONLY___ ├──────────────────┼──────────────────────────────────────────────────────┼──────────────────────────┼──────────┤
2021-06-22 18:11:32,748 INFO     ___FILE_ONLY___ 

2021-06-22 18:11:32,748 INFO     ___FILE_ONLY___ │ 
2021-06-22 18:11:32,748 INFO     ___FILE_ONLY___ Update Available
2021-06-22 18:11:32,748 INFO     ___FILE_ONLY___  
2021-06-22 18:11:32,748 INFO     ___FILE_ONLY___ │ 
2021-06-22 18:11:32,749 INFO     ___FILE_ONLY___ Cloud SDK Core Libraries                            
2021-06-22 18:11:32,749 INFO     ___FILE_ONLY___  
2021-06-22 18:11:32,749 INFO     ___FILE_ONLY___ │ 
2021-06-22 18:11:32,749 INFO     ___FILE_ONLY___ core                    
2021-06-22 18:11:32,749 INFO     ___FILE_ONLY___  
2021-06-22 18:11:32,749 INFO     ___FILE_ONLY___ │ 
2021-06-22 18:11:32,749 INFO     ___FILE_ONLY___ 19.1 MiB
2021-06-22 18:11:32,749 INFO     ___FILE_ONLY___  
2021-06-22 18:11:32,749 INFO     ___FILE_ONLY___ │
2021-06-22 18:11:32,749 INFO     ___FILE_ONLY___ 

2021-06-22 18:11:32,749 INFO     ___FILE_ONLY___ │ 
2021-06-22 18:11:32,749 INFO     ___FILE_ONLY___ Not Installed   
2021-06-22 18:11:32,750 INFO     ___FILE_ONLY___  
2021-06-22 18:11:32,750 INFO     ___FILE_ONLY___ │ 
2021-06-22 18:11:32,750 INFO     ___FILE_ONLY___ App Engine Go Extensions                            
2021-06-22 18:11:32,750 INFO     ___FILE_ONLY___  
2021-06-22 18:11:32,750 INFO     ___FILE_ONLY___ │ 
2021-06-22 18:11:32,750 INFO     ___FILE_ONLY___ app-engine-go           
2021-06-22 18:11:32,750 INFO     ___FILE_ONLY___  
2021-06-22 18:11:32,750 INFO     ___FILE_ONLY___ │ 
2021-06-22 18:11:32,750 INFO     ___FILE_ONLY___  4.8 MiB
2021-06-22 18:11:32,750 INFO     ___FILE_ONLY___  
2021-06-22 18:11:32,750 INFO     ___FILE_ONLY___ │
2021-06-22 18:11:32,750 INFO     ___FILE_ONLY___ 

2021-06-22 18:11:32,751 INFO     ___FILE_ONLY___ │ 
2021-06-22 18:11:32,751 INFO     ___FILE_ONLY___ Not Installed   
2021-06-22 18:11:32,751 INFO     ___FILE_ONLY___  
2021-06-22 18:11:32,751 INFO     ___FILE_ONLY___ │ 
2021-06-22 18:11:32,751 INFO     ___FILE_ONLY___ Appctl                                              
2021-06-22 18:11:32,751 INFO     ___FILE_ONLY___  
2021-06-22 18:11:32,751 INFO     ___FILE_ONLY___ │ 
2021-06-22 18:11:32,751 INFO     ___FILE_ONLY___ appctl                  
2021-06-22 18:11:32,751 INFO     ___FILE_ONLY___  
2021-06-22 18:11:32,751 INFO     ___FILE_ONLY___ │ 
2021-06-22 18:11:32,751 INFO     ___FILE_ONLY___ 18.5 MiB
2021-06-22 18:11:32,752 INFO     ___FILE_ONLY___  
2021-06-22 18:11:32,752 INFO     ___FILE_ONLY___ │
2021-06-22 18:11:32,752 INFO     ___FILE_ONLY___ 

2021-06-22 18:11:32,752 INFO     ___FILE_ONLY___ │ 
2021-06-22 18:11:32,752 INFO     ___FILE_ONLY___ Not Installed   
2021-06-22 18:11:32,752 INFO     ___FILE_ONLY___  
2021-06-22 18:11:32,752 INFO     ___FILE_ONLY___ │ 
2021-06-22 18:11:32,752 INFO     ___FILE_ONLY___ Cloud Bigtable Command Line Tool                    
2021-06-22 18:11:32,752 INFO     ___FILE_ONLY___  
2021-06-22 18:11:32,752 INFO     ___FILE_ONLY___ │ 
2021-06-22 18:11:32,752 INFO     ___FILE_ONLY___ cbt                     
2021-06-22 18:11:32,752 INFO     ___FILE_ONLY___  
2021-06-22 18:11:32,753 INFO     ___FILE_ONLY___ │ 
2021-06-22 18:11:32,753 INFO     ___FILE_ONLY___  7.6 MiB
2021-06-22 18:11:32,753 INFO     ___FILE_ONLY___  
2021-06-22 18:11:32,753 INFO     ___FILE_ONLY___ │
2021-06-22 18:11:32,753 INFO     ___FILE_ONLY___ 

2021-06-22 18:11:32,753 INFO     ___FILE_ONLY___ │ 
2021-06-22 18:11:32,753 INFO     ___FILE_ONLY___ Not Installed   
2021-06-22 18:11:32,753 INFO     ___FILE_ONLY___  
2021-06-22 18:11:32,753 INFO     ___FILE_ONLY___ │ 
2021-06-22 18:11:32,753 INFO     ___FILE_ONLY___ Cloud Bigtable Emulator                             
2021-06-22 18:11:32,753 INFO     ___FILE_ONLY___  
2021-06-22 18:11:32,754 INFO     ___FILE_ONLY___ │ 
2021-06-22 18:11:32,754 INFO     ___FILE_ONLY___ bigtable                
2021-06-22 18:11:32,754 INFO     ___FILE_ONLY___  
2021-06-22 18:11:32,754 INFO     ___FILE_ONLY___ │ 
2021-06-22 18:11:32,754 INFO     ___FILE_ONLY___  6.6 MiB
2021-06-22 18:11:32,754 INFO     ___FILE_ONLY___  
2021-06-22 18:11:32,754 INFO     ___FILE_ONLY___ │
2021-06-22 18:11:32,754 INFO     ___FILE_ONLY___ 

2021-06-22 18:11:32,754 INFO     ___FILE_ONLY___ │ 
2021-06-22 18:11:32,754 INFO     ___FILE_ONLY___ Not Installed   
2021-06-22 18:11:32,754 INFO     ___FILE_ONLY___  
2021-06-22 18:11:32,755 INFO     ___FILE_ONLY___ │ 
2021-06-22 18:11:32,755 INFO     ___FILE_ONLY___ Cloud Datalab Command Line Tool                     
2021-06-22 18:11:32,755 INFO     ___FILE_ONLY___  
2021-06-22 18:11:32,755 INFO     ___FILE_ONLY___ │ 
2021-06-22 18:11:32,755 INFO     ___FILE_ONLY___ datalab                 
2021-06-22 18:11:32,755 INFO     ___FILE_ONLY___  
2021-06-22 18:11:32,755 INFO     ___FILE_ONLY___ │ 
2021-06-22 18:11:32,755 INFO     ___FILE_ONLY___  < 1 MiB
2021-06-22 18:11:32,755 INFO     ___FILE_ONLY___  
2021-06-22 18:11:32,755 INFO     ___FILE_ONLY___ │
2021-06-22 18:11:32,755 INFO     ___FILE_ONLY___ 

2021-06-22 18:11:32,755 INFO     ___FILE_ONLY___ │ 
2021-06-22 18:11:32,755 INFO     ___FILE_ONLY___ Not Installed   
2021-06-22 18:11:32,756 INFO     ___FILE_ONLY___  
2021-06-22 18:11:32,756 INFO     ___FILE_ONLY___ │ 
2021-06-22 18:11:32,756 INFO     ___FILE_ONLY___ Cloud Datastore Emulator                            
2021-06-22 18:11:32,756 INFO     ___FILE_ONLY___  
2021-06-22 18:11:32,756 INFO     ___FILE_ONLY___ │ 
2021-06-22 18:11:32,756 INFO     ___FILE_ONLY___ cloud-datastore-emulator
2021-06-22 18:11:32,756 INFO     ___FILE_ONLY___  
2021-06-22 18:11:32,756 INFO     ___FILE_ONLY___ │ 
2021-06-22 18:11:32,756 INFO     ___FILE_ONLY___ 18.4 MiB
2021-06-22 18:11:32,756 INFO     ___FILE_ONLY___  
2021-06-22 18:11:32,756 INFO     ___FILE_ONLY___ │
2021-06-22 18:11:32,756 INFO     ___FILE_ONLY___ 

2021-06-22 18:11:32,757 INFO     ___FILE_ONLY___ │ 
2021-06-22 18:11:32,757 INFO     ___FILE_ONLY___ Not Installed   
2021-06-22 18:11:32,757 INFO     ___FILE_ONLY___  
2021-06-22 18:11:32,757 INFO     ___FILE_ONLY___ │ 
2021-06-22 18:11:32,757 INFO     ___FILE_ONLY___ Cloud Firestore Emulator                            
2021-06-22 18:11:32,757 INFO     ___FILE_ONLY___  
2021-06-22 18:11:32,757 INFO     ___FILE_ONLY___ │ 
2021-06-22 18:11:32,757 INFO     ___FILE_ONLY___ cloud-firestore-emulator
2021-06-22 18:11:32,757 INFO     ___FILE_ONLY___  
2021-06-22 18:11:32,757 INFO     ___FILE_ONLY___ │ 
2021-06-22 18:11:32,757 INFO     ___FILE_ONLY___ 40.5 MiB
2021-06-22 18:11:32,757 INFO     ___FILE_ONLY___  
2021-06-22 18:11:32,757 INFO     ___FILE_ONLY___ │
2021-06-22 18:11:32,758 INFO     ___FILE_ONLY___ 

2021-06-22 18:11:32,758 INFO     ___FILE_ONLY___ │ 
2021-06-22 18:11:32,758 INFO     ___FILE_ONLY___ Not Installed   
2021-06-22 18:11:32,758 INFO     ___FILE_ONLY___  
2021-06-22 18:11:32,758 INFO     ___FILE_ONLY___ │ 
2021-06-22 18:11:32,758 INFO     ___FILE_ONLY___ Cloud Pub/Sub Emulator                              
2021-06-22 18:11:32,758 INFO     ___FILE_ONLY___  
2021-06-22 18:11:32,758 INFO     ___FILE_ONLY___ │ 
2021-06-22 18:11:32,758 INFO     ___FILE_ONLY___ pubsub-emulator         
2021-06-22 18:11:32,758 INFO     ___FILE_ONLY___  
2021-06-22 18:11:32,758 INFO     ___FILE_ONLY___ │ 
2021-06-22 18:11:32,759 INFO     ___FILE_ONLY___ 60.4 MiB
2021-06-22 18:11:32,759 INFO     ___FILE_ONLY___  
2021-06-22 18:11:32,759 INFO     ___FILE_ONLY___ │
2021-06-22 18:11:32,759 INFO     ___FILE_ONLY___ 

2021-06-22 18:11:32,759 INFO     ___FILE_ONLY___ │ 
2021-06-22 18:11:32,759 INFO     ___FILE_ONLY___ Not Installed   
2021-06-22 18:11:32,759 INFO     ___FILE_ONLY___  
2021-06-22 18:11:32,759 INFO     ___FILE_ONLY___ │ 
2021-06-22 18:11:32,759 INFO     ___FILE_ONLY___ Cloud SQL Proxy                                     
2021-06-22 18:11:32,759 INFO     ___FILE_ONLY___  
2021-06-22 18:11:32,759 INFO     ___FILE_ONLY___ │ 
2021-06-22 18:11:32,760 INFO     ___FILE_ONLY___ cloud_sql_proxy         
2021-06-22 18:11:32,760 INFO     ___FILE_ONLY___  
2021-06-22 18:11:32,760 INFO     ___FILE_ONLY___ │ 
2021-06-22 18:11:32,760 INFO     ___FILE_ONLY___  7.4 MiB
2021-06-22 18:11:32,760 INFO     ___FILE_ONLY___  
2021-06-22 18:11:32,760 INFO     ___FILE_ONLY___ │
2021-06-22 18:11:32,760 INFO     ___FILE_ONLY___ 

2021-06-22 18:11:32,760 INFO     ___FILE_ONLY___ │ 
2021-06-22 18:11:32,760 INFO     ___FILE_ONLY___ Not Installed   
2021-06-22 18:11:32,760 INFO     ___FILE_ONLY___  
2021-06-22 18:11:32,760 INFO     ___FILE_ONLY___ │ 
2021-06-22 18:11:32,761 INFO     ___FILE_ONLY___ Emulator Reverse Proxy                              
2021-06-22 18:11:32,761 INFO     ___FILE_ONLY___  
2021-06-22 18:11:32,761 INFO     ___FILE_ONLY___ │ 
2021-06-22 18:11:32,761 INFO     ___FILE_ONLY___ emulator-reverse-proxy  
2021-06-22 18:11:32,761 INFO     ___FILE_ONLY___  
2021-06-22 18:11:32,761 INFO     ___FILE_ONLY___ │ 
2021-06-22 18:11:32,761 INFO     ___FILE_ONLY___ 14.5 MiB
2021-06-22 18:11:32,761 INFO     ___FILE_ONLY___  
2021-06-22 18:11:32,761 INFO     ___FILE_ONLY___ │
2021-06-22 18:11:32,761 INFO     ___FILE_ONLY___ 

2021-06-22 18:11:32,761 INFO     ___FILE_ONLY___ │ 
2021-06-22 18:11:32,761 INFO     ___FILE_ONLY___ Not Installed   
2021-06-22 18:11:32,761 INFO     ___FILE_ONLY___  
2021-06-22 18:11:32,761 INFO     ___FILE_ONLY___ │ 
2021-06-22 18:11:32,761 INFO     ___FILE_ONLY___ Google Cloud Build Local Builder                    
2021-06-22 18:11:32,762 INFO     ___FILE_ONLY___  
2021-06-22 18:11:32,762 INFO     ___FILE_ONLY___ │ 
2021-06-22 18:11:32,762 INFO     ___FILE_ONLY___ cloud-build-local       
2021-06-22 18:11:32,762 INFO     ___FILE_ONLY___  
2021-06-22 18:11:32,762 INFO     ___FILE_ONLY___ │ 
2021-06-22 18:11:32,762 INFO     ___FILE_ONLY___  6.2 MiB
2021-06-22 18:11:32,762 INFO     ___FILE_ONLY___  
2021-06-22 18:11:32,762 INFO     ___FILE_ONLY___ │
2021-06-22 18:11:32,762 INFO     ___FILE_ONLY___ 

2021-06-22 18:11:32,762 INFO     ___FILE_ONLY___ │ 
2021-06-22 18:11:32,762 INFO     ___FILE_ONLY___ Not Installed   
2021-06-22 18:11:32,762 INFO     ___FILE_ONLY___  
2021-06-22 18:11:32,762 INFO     ___FILE_ONLY___ │ 
2021-06-22 18:11:32,762 INFO     ___FILE_ONLY___ Google Container Registry's Docker credential helper
2021-06-22 18:11:32,762 INFO     ___FILE_ONLY___  
2021-06-22 18:11:32,762 INFO     ___FILE_ONLY___ │ 
2021-06-22 18:11:32,763 INFO     ___FILE_ONLY___ docker-credential-gcr   
2021-06-22 18:11:32,763 INFO     ___FILE_ONLY___  
2021-06-22 18:11:32,763 INFO     ___FILE_ONLY___ │ 
2021-06-22 18:11:32,763 INFO     ___FILE_ONLY___  2.2 MiB
2021-06-22 18:11:32,763 INFO     ___FILE_ONLY___  
2021-06-22 18:11:32,763 INFO     ___FILE_ONLY___ │
2021-06-22 18:11:32,763 INFO     ___FILE_ONLY___ 

2021-06-22 18:11:32,763 INFO     ___FILE_ONLY___ │ 
2021-06-22 18:11:32,763 INFO     ___FILE_ONLY___ Not Installed   
2021-06-22 18:11:32,763 INFO     ___FILE_ONLY___  
2021-06-22 18:11:32,763 INFO     ___FILE_ONLY___ │ 
2021-06-22 18:11:32,763 INFO     ___FILE_ONLY___ Kustomize                                           
2021-06-22 18:11:32,763 INFO     ___FILE_ONLY___  
2021-06-22 18:11:32,763 INFO     ___FILE_ONLY___ │ 
2021-06-22 18:11:32,763 INFO     ___FILE_ONLY___ kustomize               
2021-06-22 18:11:32,763 INFO     ___FILE_ONLY___  
2021-06-22 18:11:32,763 INFO     ___FILE_ONLY___ │ 
2021-06-22 18:11:32,764 INFO     ___FILE_ONLY___ 22.8 MiB
2021-06-22 18:11:32,764 INFO     ___FILE_ONLY___  
2021-06-22 18:11:32,764 INFO     ___FILE_ONLY___ │
2021-06-22 18:11:32,764 INFO     ___FILE_ONLY___ 

2021-06-22 18:11:32,764 INFO     ___FILE_ONLY___ │ 
2021-06-22 18:11:32,764 INFO     ___FILE_ONLY___ Not Installed   
2021-06-22 18:11:32,764 INFO     ___FILE_ONLY___  
2021-06-22 18:11:32,764 INFO     ___FILE_ONLY___ │ 
2021-06-22 18:11:32,764 INFO     ___FILE_ONLY___ Minikube                                            
2021-06-22 18:11:32,764 INFO     ___FILE_ONLY___  
2021-06-22 18:11:32,764 INFO     ___FILE_ONLY___ │ 
2021-06-22 18:11:32,764 INFO     ___FILE_ONLY___ minikube                
2021-06-22 18:11:32,764 INFO     ___FILE_ONLY___  
2021-06-22 18:11:32,764 INFO     ___FILE_ONLY___ │ 
2021-06-22 18:11:32,765 INFO     ___FILE_ONLY___ 25.2 MiB
2021-06-22 18:11:32,765 INFO     ___FILE_ONLY___  
2021-06-22 18:11:32,765 INFO     ___FILE_ONLY___ │
2021-06-22 18:11:32,765 INFO     ___FILE_ONLY___ 

2021-06-22 18:11:32,765 INFO     ___FILE_ONLY___ │ 
2021-06-22 18:11:32,765 INFO     ___FILE_ONLY___ Not Installed   
2021-06-22 18:11:32,765 INFO     ___FILE_ONLY___  
2021-06-22 18:11:32,765 INFO     ___FILE_ONLY___ │ 
2021-06-22 18:11:32,765 INFO     ___FILE_ONLY___ Nomos CLI                                           
2021-06-22 18:11:32,765 INFO     ___FILE_ONLY___  
2021-06-22 18:11:32,765 INFO     ___FILE_ONLY___ │ 
2021-06-22 18:11:32,765 INFO     ___FILE_ONLY___ nomos                   
2021-06-22 18:11:32,765 INFO     ___FILE_ONLY___  
2021-06-22 18:11:32,766 INFO     ___FILE_ONLY___ │ 
2021-06-22 18:11:32,766 INFO     ___FILE_ONLY___ 22.5 MiB
2021-06-22 18:11:32,766 INFO     ___FILE_ONLY___  
2021-06-22 18:11:32,766 INFO     ___FILE_ONLY___ │
2021-06-22 18:11:32,766 INFO     ___FILE_ONLY___ 

2021-06-22 18:11:32,766 INFO     ___FILE_ONLY___ │ 
2021-06-22 18:11:32,766 INFO     ___FILE_ONLY___ Not Installed   
2021-06-22 18:11:32,766 INFO     ___FILE_ONLY___  
2021-06-22 18:11:32,766 INFO     ___FILE_ONLY___ │ 
2021-06-22 18:11:32,766 INFO     ___FILE_ONLY___ On-Demand Scanning API extraction helper            
2021-06-22 18:11:32,766 INFO     ___FILE_ONLY___  
2021-06-22 18:11:32,767 INFO     ___FILE_ONLY___ │ 
2021-06-22 18:11:32,767 INFO     ___FILE_ONLY___ local-extract           
2021-06-22 18:11:32,767 INFO     ___FILE_ONLY___  
2021-06-22 18:11:32,767 INFO     ___FILE_ONLY___ │ 
2021-06-22 18:11:32,767 INFO     ___FILE_ONLY___ 11.6 MiB
2021-06-22 18:11:32,767 INFO     ___FILE_ONLY___  
2021-06-22 18:11:32,767 INFO     ___FILE_ONLY___ │
2021-06-22 18:11:32,767 INFO     ___FILE_ONLY___ 

2021-06-22 18:11:32,767 INFO     ___FILE_ONLY___ │ 
2021-06-22 18:11:32,767 INFO     ___FILE_ONLY___ Not Installed   
2021-06-22 18:11:32,768 INFO     ___FILE_ONLY___  
2021-06-22 18:11:32,768 INFO     ___FILE_ONLY___ │ 
2021-06-22 18:11:32,768 INFO     ___FILE_ONLY___ Skaffold                                            
2021-06-22 18:11:32,768 INFO     ___FILE_ONLY___  
2021-06-22 18:11:32,768 INFO     ___FILE_ONLY___ │ 
2021-06-22 18:11:32,768 INFO     ___FILE_ONLY___ skaffold                
2021-06-22 18:11:32,768 INFO     ___FILE_ONLY___  
2021-06-22 18:11:32,768 INFO     ___FILE_ONLY___ │ 
2021-06-22 18:11:32,768 INFO     ___FILE_ONLY___ 18.0 MiB
2021-06-22 18:11:32,768 INFO     ___FILE_ONLY___  
2021-06-22 18:11:32,768 INFO     ___FILE_ONLY___ │
2021-06-22 18:11:32,769 INFO     ___FILE_ONLY___ 

2021-06-22 18:11:32,769 INFO     ___FILE_ONLY___ │ 
2021-06-22 18:11:32,769 INFO     ___FILE_ONLY___ Not Installed   
2021-06-22 18:11:32,769 INFO     ___FILE_ONLY___  
2021-06-22 18:11:32,769 INFO     ___FILE_ONLY___ │ 
2021-06-22 18:11:32,769 INFO     ___FILE_ONLY___ anthos-auth                                         
2021-06-22 18:11:32,769 INFO     ___FILE_ONLY___  
2021-06-22 18:11:32,769 INFO     ___FILE_ONLY___ │ 
2021-06-22 18:11:32,769 INFO     ___FILE_ONLY___ anthos-auth             
2021-06-22 18:11:32,769 INFO     ___FILE_ONLY___  
2021-06-22 18:11:32,769 INFO     ___FILE_ONLY___ │ 
2021-06-22 18:11:32,769 INFO     ___FILE_ONLY___ 17.5 MiB
2021-06-22 18:11:32,770 INFO     ___FILE_ONLY___  
2021-06-22 18:11:32,770 INFO     ___FILE_ONLY___ │
2021-06-22 18:11:32,770 INFO     ___FILE_ONLY___ 

2021-06-22 18:11:32,770 INFO     ___FILE_ONLY___ │ 
2021-06-22 18:11:32,770 INFO     ___FILE_ONLY___ Not Installed   
2021-06-22 18:11:32,770 INFO     ___FILE_ONLY___  
2021-06-22 18:11:32,770 INFO     ___FILE_ONLY___ │ 
2021-06-22 18:11:32,770 INFO     ___FILE_ONLY___ config-connector                                    
2021-06-22 18:11:32,770 INFO     ___FILE_ONLY___  
2021-06-22 18:11:32,770 INFO     ___FILE_ONLY___ │ 
2021-06-22 18:11:32,770 INFO     ___FILE_ONLY___ config-connector        
2021-06-22 18:11:32,770 INFO     ___FILE_ONLY___  
2021-06-22 18:11:32,771 INFO     ___FILE_ONLY___ │ 
2021-06-22 18:11:32,771 INFO     ___FILE_ONLY___ 49.3 MiB
2021-06-22 18:11:32,771 INFO     ___FILE_ONLY___  
2021-06-22 18:11:32,771 INFO     ___FILE_ONLY___ │
2021-06-22 18:11:32,771 INFO     ___FILE_ONLY___ 

2021-06-22 18:11:32,771 INFO     ___FILE_ONLY___ │ 
2021-06-22 18:11:32,771 INFO     ___FILE_ONLY___ Not Installed   
2021-06-22 18:11:32,771 INFO     ___FILE_ONLY___  
2021-06-22 18:11:32,771 INFO     ___FILE_ONLY___ │ 
2021-06-22 18:11:32,771 INFO     ___FILE_ONLY___ gcloud Alpha Commands                               
2021-06-22 18:11:32,771 INFO     ___FILE_ONLY___  
2021-06-22 18:11:32,771 INFO     ___FILE_ONLY___ │ 
2021-06-22 18:11:32,771 INFO     ___FILE_ONLY___ alpha                   
2021-06-22 18:11:32,772 INFO     ___FILE_ONLY___  
2021-06-22 18:11:32,772 INFO     ___FILE_ONLY___ │ 
2021-06-22 18:11:32,772 INFO     ___FILE_ONLY___  < 1 MiB
2021-06-22 18:11:32,772 INFO     ___FILE_ONLY___  
2021-06-22 18:11:32,772 INFO     ___FILE_ONLY___ │
2021-06-22 18:11:32,772 INFO     ___FILE_ONLY___ 

2021-06-22 18:11:32,772 INFO     ___FILE_ONLY___ │ 
2021-06-22 18:11:32,772 INFO     ___FILE_ONLY___ Not Installed   
2021-06-22 18:11:32,772 INFO     ___FILE_ONLY___  
2021-06-22 18:11:32,772 INFO     ___FILE_ONLY___ │ 
2021-06-22 18:11:32,772 INFO     ___FILE_ONLY___ gcloud Beta Commands                                
2021-06-22 18:11:32,772 INFO     ___FILE_ONLY___  
2021-06-22 18:11:32,773 INFO     ___FILE_ONLY___ │ 
2021-06-22 18:11:32,773 INFO     ___FILE_ONLY___ beta                    
2021-06-22 18:11:32,773 INFO     ___FILE_ONLY___  
2021-06-22 18:11:32,773 INFO     ___FILE_ONLY___ │ 
2021-06-22 18:11:32,773 INFO     ___FILE_ONLY___  < 1 MiB
2021-06-22 18:11:32,773 INFO     ___FILE_ONLY___  
2021-06-22 18:11:32,773 INFO     ___FILE_ONLY___ │
2021-06-22 18:11:32,773 INFO     ___FILE_ONLY___ 

2021-06-22 18:11:32,773 INFO     ___FILE_ONLY___ │ 
2021-06-22 18:11:32,773 INFO     ___FILE_ONLY___ Not Installed   
2021-06-22 18:11:32,773 INFO     ___FILE_ONLY___  
2021-06-22 18:11:32,773 INFO     ___FILE_ONLY___ │ 
2021-06-22 18:11:32,774 INFO     ___FILE_ONLY___ gcloud app Java Extensions                          
2021-06-22 18:11:32,774 INFO     ___FILE_ONLY___  
2021-06-22 18:11:32,774 INFO     ___FILE_ONLY___ │ 
2021-06-22 18:11:32,774 INFO     ___FILE_ONLY___ app-engine-java         
2021-06-22 18:11:32,774 INFO     ___FILE_ONLY___  
2021-06-22 18:11:32,774 INFO     ___FILE_ONLY___ │ 
2021-06-22 18:11:32,774 INFO     ___FILE_ONLY___ 52.4 MiB
2021-06-22 18:11:32,774 INFO     ___FILE_ONLY___  
2021-06-22 18:11:32,774 INFO     ___FILE_ONLY___ │
2021-06-22 18:11:32,774 INFO     ___FILE_ONLY___ 

2021-06-22 18:11:32,774 INFO     ___FILE_ONLY___ │ 
2021-06-22 18:11:32,774 INFO     ___FILE_ONLY___ Not Installed   
2021-06-22 18:11:32,774 INFO     ___FILE_ONLY___  
2021-06-22 18:11:32,775 INFO     ___FILE_ONLY___ │ 
2021-06-22 18:11:32,775 INFO     ___FILE_ONLY___ gcloud app PHP Extensions                           
2021-06-22 18:11:32,775 INFO     ___FILE_ONLY___  
2021-06-22 18:11:32,775 INFO     ___FILE_ONLY___ │ 
2021-06-22 18:11:32,775 INFO     ___FILE_ONLY___ app-engine-php          
2021-06-22 18:11:32,775 INFO     ___FILE_ONLY___  
2021-06-22 18:11:32,775 INFO     ___FILE_ONLY___ │ 
2021-06-22 18:11:32,775 INFO     ___FILE_ONLY___ 21.9 MiB
2021-06-22 18:11:32,775 INFO     ___FILE_ONLY___  
2021-06-22 18:11:32,775 INFO     ___FILE_ONLY___ │
2021-06-22 18:11:32,775 INFO     ___FILE_ONLY___ 

2021-06-22 18:11:32,776 INFO     ___FILE_ONLY___ │ 
2021-06-22 18:11:32,776 INFO     ___FILE_ONLY___ Not Installed   
2021-06-22 18:11:32,776 INFO     ___FILE_ONLY___  
2021-06-22 18:11:32,776 INFO     ___FILE_ONLY___ │ 
2021-06-22 18:11:32,776 INFO     ___FILE_ONLY___ gcloud app Python Extensions                        
2021-06-22 18:11:32,776 INFO     ___FILE_ONLY___  
2021-06-22 18:11:32,776 INFO     ___FILE_ONLY___ │ 
2021-06-22 18:11:32,776 INFO     ___FILE_ONLY___ app-engine-python       
2021-06-22 18:11:32,776 INFO     ___FILE_ONLY___  
2021-06-22 18:11:32,776 INFO     ___FILE_ONLY___ │ 
2021-06-22 18:11:32,776 INFO     ___FILE_ONLY___  7.7 MiB
2021-06-22 18:11:32,777 INFO     ___FILE_ONLY___  
2021-06-22 18:11:32,777 INFO     ___FILE_ONLY___ │
2021-06-22 18:11:32,777 INFO     ___FILE_ONLY___ 

2021-06-22 18:11:32,777 INFO     ___FILE_ONLY___ │ 
2021-06-22 18:11:32,777 INFO     ___FILE_ONLY___ Not Installed   
2021-06-22 18:11:32,777 INFO     ___FILE_ONLY___  
2021-06-22 18:11:32,777 INFO     ___FILE_ONLY___ │ 
2021-06-22 18:11:32,777 INFO     ___FILE_ONLY___ gcloud app Python Extensions (Extra Libraries)      
2021-06-22 18:11:32,777 INFO     ___FILE_ONLY___  
2021-06-22 18:11:32,777 INFO     ___FILE_ONLY___ │ 
2021-06-22 18:11:32,777 INFO     ___FILE_ONLY___ app-engine-python-extras
2021-06-22 18:11:32,777 INFO     ___FILE_ONLY___  
2021-06-22 18:11:32,778 INFO     ___FILE_ONLY___ │ 
2021-06-22 18:11:32,778 INFO     ___FILE_ONLY___ 26.4 MiB
2021-06-22 18:11:32,778 INFO     ___FILE_ONLY___  
2021-06-22 18:11:32,778 INFO     ___FILE_ONLY___ │
2021-06-22 18:11:32,778 INFO     ___FILE_ONLY___ 

2021-06-22 18:11:32,778 INFO     ___FILE_ONLY___ │ 
2021-06-22 18:11:32,778 INFO     ___FILE_ONLY___ Not Installed   
2021-06-22 18:11:32,778 INFO     ___FILE_ONLY___  
2021-06-22 18:11:32,778 INFO     ___FILE_ONLY___ │ 
2021-06-22 18:11:32,778 INFO     ___FILE_ONLY___ kpt                                                 
2021-06-22 18:11:32,778 INFO     ___FILE_ONLY___  
2021-06-22 18:11:32,779 INFO     ___FILE_ONLY___ │ 
2021-06-22 18:11:32,779 INFO     ___FILE_ONLY___ kpt                     
2021-06-22 18:11:32,779 INFO     ___FILE_ONLY___  
2021-06-22 18:11:32,779 INFO     ___FILE_ONLY___ │ 
2021-06-22 18:11:32,779 INFO     ___FILE_ONLY___ 12.2 MiB
2021-06-22 18:11:32,779 INFO     ___FILE_ONLY___  
2021-06-22 18:11:32,779 INFO     ___FILE_ONLY___ │
2021-06-22 18:11:32,779 INFO     ___FILE_ONLY___ 

2021-06-22 18:11:32,779 INFO     ___FILE_ONLY___ │ 
2021-06-22 18:11:32,779 INFO     ___FILE_ONLY___ Not Installed   
2021-06-22 18:11:32,779 INFO     ___FILE_ONLY___  
2021-06-22 18:11:32,779 INFO     ___FILE_ONLY___ │ 
2021-06-22 18:11:32,780 INFO     ___FILE_ONLY___ kubectl                                             
2021-06-22 18:11:32,780 INFO     ___FILE_ONLY___  
2021-06-22 18:11:32,780 INFO     ___FILE_ONLY___ │ 
2021-06-22 18:11:32,780 INFO     ___FILE_ONLY___ kubectl                 
2021-06-22 18:11:32,780 INFO     ___FILE_ONLY___  
2021-06-22 18:11:32,780 INFO     ___FILE_ONLY___ │ 
2021-06-22 18:11:32,780 INFO     ___FILE_ONLY___  < 1 MiB
2021-06-22 18:11:32,780 INFO     ___FILE_ONLY___  
2021-06-22 18:11:32,780 INFO     ___FILE_ONLY___ │
2021-06-22 18:11:32,780 INFO     ___FILE_ONLY___ 

2021-06-22 18:11:32,780 INFO     ___FILE_ONLY___ │ 
2021-06-22 18:11:32,781 INFO     ___FILE_ONLY___ Not Installed   
2021-06-22 18:11:32,781 INFO     ___FILE_ONLY___  
2021-06-22 18:11:32,781 INFO     ___FILE_ONLY___ │ 
2021-06-22 18:11:32,781 INFO     ___FILE_ONLY___ kubectl-oidc                                        
2021-06-22 18:11:32,781 INFO     ___FILE_ONLY___  
2021-06-22 18:11:32,781 INFO     ___FILE_ONLY___ │ 
2021-06-22 18:11:32,781 INFO     ___FILE_ONLY___ kubectl-oidc            
2021-06-22 18:11:32,781 INFO     ___FILE_ONLY___  
2021-06-22 18:11:32,781 INFO     ___FILE_ONLY___ │ 
2021-06-22 18:11:32,781 INFO     ___FILE_ONLY___ 17.5 MiB
2021-06-22 18:11:32,781 INFO     ___FILE_ONLY___  
2021-06-22 18:11:32,782 INFO     ___FILE_ONLY___ │
2021-06-22 18:11:32,782 INFO     ___FILE_ONLY___ 

2021-06-22 18:11:32,782 INFO     ___FILE_ONLY___ │ 
2021-06-22 18:11:32,782 INFO     ___FILE_ONLY___ Not Installed   
2021-06-22 18:11:32,782 INFO     ___FILE_ONLY___  
2021-06-22 18:11:32,782 INFO     ___FILE_ONLY___ │ 
2021-06-22 18:11:32,782 INFO     ___FILE_ONLY___ pkg                                                 
2021-06-22 18:11:32,782 INFO     ___FILE_ONLY___  
2021-06-22 18:11:32,782 INFO     ___FILE_ONLY___ │ 
2021-06-22 18:11:32,782 INFO     ___FILE_ONLY___ pkg                     
2021-06-22 18:11:32,783 INFO     ___FILE_ONLY___  
2021-06-22 18:11:32,783 INFO     ___FILE_ONLY___ │ 
2021-06-22 18:11:32,783 INFO     ___FILE_ONLY___         
2021-06-22 18:11:32,783 INFO     ___FILE_ONLY___  
2021-06-22 18:11:32,783 INFO     ___FILE_ONLY___ │
2021-06-22 18:11:32,783 INFO     ___FILE_ONLY___ 

2021-06-22 18:11:32,783 INFO     ___FILE_ONLY___ │ 
2021-06-22 18:11:32,783 INFO     ___FILE_ONLY___ Installed       
2021-06-22 18:11:32,783 INFO     ___FILE_ONLY___  
2021-06-22 18:11:32,783 INFO     ___FILE_ONLY___ │ 
2021-06-22 18:11:32,783 INFO     ___FILE_ONLY___ BigQuery Command Line Tool                          
2021-06-22 18:11:32,784 INFO     ___FILE_ONLY___  
2021-06-22 18:11:32,784 INFO     ___FILE_ONLY___ │ 
2021-06-22 18:11:32,784 INFO     ___FILE_ONLY___ bq                      
2021-06-22 18:11:32,784 INFO     ___FILE_ONLY___  
2021-06-22 18:11:32,784 INFO     ___FILE_ONLY___ │ 
2021-06-22 18:11:32,784 INFO     ___FILE_ONLY___  < 1 MiB
2021-06-22 18:11:32,784 INFO     ___FILE_ONLY___  
2021-06-22 18:11:32,784 INFO     ___FILE_ONLY___ │
2021-06-22 18:11:32,784 INFO     ___FILE_ONLY___ 

2021-06-22 18:11:32,784 INFO     ___FILE_ONLY___ │ 
2021-06-22 18:11:32,784 INFO     ___FILE_ONLY___ Installed       
2021-06-22 18:11:32,784 INFO     ___FILE_ONLY___  
2021-06-22 18:11:32,784 INFO     ___FILE_ONLY___ │ 
2021-06-22 18:11:32,784 INFO     ___FILE_ONLY___ Cloud Storage Command Line Tool                     
2021-06-22 18:11:32,784 INFO     ___FILE_ONLY___  
2021-06-22 18:11:32,785 INFO     ___FILE_ONLY___ │ 
2021-06-22 18:11:32,785 INFO     ___FILE_ONLY___ gsutil                  
2021-06-22 18:11:32,785 INFO     ___FILE_ONLY___  
2021-06-22 18:11:32,785 INFO     ___FILE_ONLY___ │ 
2021-06-22 18:11:32,785 INFO     ___FILE_ONLY___  3.9 MiB
2021-06-22 18:11:32,785 INFO     ___FILE_ONLY___  
2021-06-22 18:11:32,785 INFO     ___FILE_ONLY___ │
2021-06-22 18:11:32,785 INFO     ___FILE_ONLY___ 

2021-06-22 18:11:32,785 INFO     ___FILE_ONLY___ └──────────────────┴──────────────────────────────────────────────────────┴──────────────────────────┴──────────┘
2021-06-22 18:11:32,785 INFO     ___FILE_ONLY___ 

2021-06-22 18:11:32,785 INFO     ___FILE_ONLY___ To install or remove components at your current SDK version [345.0.0], run:
  $ gcloud components install COMPONENT_ID
  $ gcloud components remove COMPONENT_ID

To update your SDK installation to the latest version [346.0.0], run:
  $ gcloud components update


