2021-06-22 18:11:49,557 DEBUG    root            Loaded Command Group: ['gcloud', 'auth']
2021-06-22 18:11:49,673 DEBUG    root            Loaded Command Group: ['gcloud', 'auth', 'login']
2021-06-22 18:11:49,675 DEBUG    root            Running [gcloud.auth.login] with arguments: []
2021-06-22 18:11:49,685 DEBUG    requests_oauthlib.oauth2_session Generated new state UWSGZVxa9TARZOqfBAhxOnjnYJQj2j.
2021-06-22 18:11:49,824 INFO     ___FILE_ONLY___ Your browser has been opened to visit:

    https://accounts.google.com/o/oauth2/auth?response_type=code&client_id=32555940559.apps.googleusercontent.com&redirect_uri=http%3A%2F%2Flocalhost%3A8085%2F&scope=openid+https%3A%2F%2Fwww.googleapis.com%2Fauth%2Fuserinfo.email+https%3A%2F%2Fwww.googleapis.com%2Fauth%2Fcloud-platform+https%3A%2F%2Fwww.googleapis.com%2Fauth%2Fappengine.admin+https%3A%2F%2Fwww.googleapis.com%2Fauth%2Fcompute+https%3A%2F%2Fwww.googleapis.com%2Fauth%2Faccounts.reauth&state=UWSGZVxa9TARZOqfBAhxOnjnYJQj2j&access_type=offline&code_challenge=l2JZeuXHWR7mlCjWWSV0FaAs1nPmkMGP8N-nKt76zxc&code_challenge_method=S256


2021-06-22 18:11:54,545 INFO     google_auth_oauthlib.flow "GET /?state=UWSGZVxa9TARZOqfBAhxOnjnYJQj2j&code=4/0AX4XfWgYtelf3x-AJhETUmfY5uw7q645Ltq-AbWxzuQLm299Pl_J1fq0MQVhoxdXAYdAOA&scope=email%20openid%20https://www.googleapis.com/auth/userinfo.email%20https://www.googleapis.com/auth/cloud-platform%20https://www.googleapis.com/auth/appengine.admin%20https://www.googleapis.com/auth/compute%20https://www.googleapis.com/auth/accounts.reauth&authuser=0&prompt=consent HTTP/1.1" 200 959
2021-06-22 18:11:54,546 DEBUG    requests_oauthlib.oauth2_session Requesting url https://oauth2.googleapis.com/token using method POST.
2021-06-22 18:11:54,546 DEBUG    requests_oauthlib.oauth2_session Supplying headers {b'Accept': b'application/json', b'Content-Type': b'application/x-www-form-urlencoded;charset=UTF-8', b'user-agent': b'google-cloud-sdk gcloud/345.0.0 command/gcloud.auth.login invocation-id/06e99b5a4e6544ee977a1a1903b89683 environment/None environment-version/None interactive/True from-script/False python/3.8.2 term/screen (Macintosh; Intel Mac OS X 20.3.0)'} and data {'grant_type': 'authorization_code', 'client_id': '32555940559.apps.googleusercontent.com', 'client_secret': 'ZmssLNjJy2998hD4CTg2ejr2', 'code': '4/0AX4XfWgYtelf3x-AJhETUmfY5uw7q645Ltq-AbWxzuQLm299Pl_J1fq0MQVhoxdXAYdAOA', 'redirect_uri': 'http://localhost:8085/', 'code_verifier': 'QaWNHicoVsBga6oa5SElAAyqadCua2qvmcn.esN9ve6elBVcrifeVFijIpA6-A~~vfRjG_FkjHPNq~xAZJSvum2t7JacVYq5Xj_xIF1RQr9q5yu3~Ru8pLee65mtmm.t'}
2021-06-22 18:11:54,547 DEBUG    requests_oauthlib.oauth2_session Passing through key word arguments {'json': None, 'timeout': None, 'auth': None, 'verify': True, 'proxies': None}.
2021-06-22 18:11:54,568 DEBUG    urllib3.connectionpool Starting new HTTPS connection (1): oauth2.googleapis.com:443
2021-06-22 18:11:54,795 DEBUG    urllib3.connectionpool https://oauth2.googleapis.com:443 "POST /token HTTP/1.1" 200 None
2021-06-22 18:11:54,795 DEBUG    requests_oauthlib.oauth2_session Prepared fetch token request body grant_type=authorization_code&client_id=32555940559.apps.googleusercontent.com&client_secret=ZmssLNjJy2998hD4CTg2ejr2&code=4%2F0AX4XfWgYtelf3x-AJhETUmfY5uw7q645Ltq-AbWxzuQLm299Pl_J1fq0MQVhoxdXAYdAOA&redirect_uri=http%3A%2F%2Flocalhost%3A8085%2F&code_verifier=QaWNHicoVsBga6oa5SElAAyqadCua2qvmcn.esN9ve6elBVcrifeVFijIpA6-A~~vfRjG_FkjHPNq~xAZJSvum2t7JacVYq5Xj_xIF1RQr9q5yu3~Ru8pLee65mtmm.t
2021-06-22 18:11:54,796 DEBUG    requests_oauthlib.oauth2_session Request to fetch token completed with status 200.
2021-06-22 18:11:54,796 DEBUG    requests_oauthlib.oauth2_session Request headers were {'user-agent': b'google-cloud-sdk gcloud/345.0.0 command/gcloud.auth.login invocation-id/06e99b5a4e6544ee977a1a1903b89683 environment/None environment-version/None interactive/True from-script/False python/3.8.2 term/screen (Macintosh; Intel Mac OS X 20.3.0)', 'Accept-Encoding': 'gzip, deflate', 'Accept': b'application/json', 'Connection': 'keep-alive', 'Content-Type': b'application/x-www-form-urlencoded;charset=UTF-8', 'Content-Length': '387'}
2021-06-22 18:11:54,796 DEBUG    requests_oauthlib.oauth2_session Request body was grant_type=authorization_code&client_id=32555940559.apps.googleusercontent.com&client_secret=ZmssLNjJy2998hD4CTg2ejr2&code=4%2F0AX4XfWgYtelf3x-AJhETUmfY5uw7q645Ltq-AbWxzuQLm299Pl_J1fq0MQVhoxdXAYdAOA&redirect_uri=http%3A%2F%2Flocalhost%3A8085%2F&code_verifier=QaWNHicoVsBga6oa5SElAAyqadCua2qvmcn.esN9ve6elBVcrifeVFijIpA6-A~~vfRjG_FkjHPNq~xAZJSvum2t7JacVYq5Xj_xIF1RQr9q5yu3~Ru8pLee65mtmm.t
2021-06-22 18:11:54,796 DEBUG    requests_oauthlib.oauth2_session Response headers were {'Pragma': 'no-cache', 'Expires': 'Mon, 01 Jan 1990 00:00:00 GMT', 'Date': 'Tue, 22 Jun 2021 15:11:54 GMT', 'Cache-Control': 'no-cache, no-store, max-age=0, must-revalidate', 'Content-Type': 'application/json; charset=utf-8', 'Vary': 'Origin, X-Origin, Referer', 'Content-Encoding': 'gzip', 'Server': 'scaffolding on HTTPServer2', 'X-XSS-Protection': '0', 'X-Frame-Options': 'SAMEORIGIN', 'X-Content-Type-Options': 'nosniff', 'Alt-Svc': 'h3=":443"; ma=2592000,h3-29=":443"; ma=2592000,h3-T051=":443"; ma=2592000,h3-Q050=":443"; ma=2592000,h3-Q046=":443"; ma=2592000,h3-Q043=":443"; ma=2592000,quic=":443"; ma=2592000; v="46,43"', 'Transfer-Encoding': 'chunked'} and content {
  "access_token": "ya29.a0AfH6SMALgI3bcCQLU1xT_H6EtuYYhjAOQd4ayx7QpdQm7aQelUMiC5YqJGInN_fMpLDRSui-NDcMGP7PaIViMJVvLbgrg9IQSv-Si-mC5xP0AoUV4_BCsCxSypOchytbGIQqy7P58N_J59AYp_jPOGJQPb7USAdJmmYO",
  "expires_in": 3599,
  "refresh_token": "1//09xcFBjHXsTfkCgYIARAAGAkSNwF-L9Irvfe-IGQFDHeXMS0aOxYXSw_fkbA-W2ZI0E2PQguUxqvmF5ik9zI8a0eFA4VD7DOOPzI",
  "scope": "openid https://www.googleapis.com/auth/cloud-platform https://www.googleapis.com/auth/accounts.reauth https://www.googleapis.com/auth/compute https://www.googleapis.com/auth/appengine.admin https://www.googleapis.com/auth/userinfo.email",
  "token_type": "Bearer",
  "id_token": "eyJhbGciOiJSUzI1NiIsImtpZCI6IjE5ZmUyYTdiNjc5NTIzOTYwNmNhMGE3NTA3OTRhN2JkOWZkOTU5NjEiLCJ0eXAiOiJKV1QifQ.eyJpc3MiOiJodHRwczovL2FjY291bnRzLmdvb2dsZS5jb20iLCJhenAiOiIzMjU1NTk0MDU1OS5hcHBzLmdvb2dsZXVzZXJjb250ZW50LmNvbSIsImF1ZCI6IjMyNTU1OTQwNTU5LmFwcHMuZ29vZ2xldXNlcmNvbnRlbnQuY29tIiwic3ViIjoiMTE2MDc3OTkzNTAwMjE5NTE3MzgzIiwiZW1haWwiOiJkYXp5aGVyb0BnbWFpbC5jb20iLCJlbWFpbF92ZXJpZmllZCI6dHJ1ZSwiYXRfaGFzaCI6Im1KLUkweThzZi1tYkp5WEgyN1hDWHciLCJpYXQiOjE2MjQzNzQ3MTQsImV4cCI6MTYyNDM3ODMxNH0.RnfglqJ_jIM6TEZTEdkIR6tN3-RMu85NTga2L-SoMGloH_EDrXzUa_IEEvoGKm8tsRUrif4CQ14z-sK5MLrv86SNzguaxGB3chacCAsinBRX7UzHXYWSi63tpRJNCsOiBbkFGUCWUNnklSc9h5-7ArRkuaFaGbCf9lbIZ1gVgZ3SudJskqUdIp4sgKOUqE5ns_vBCyp2AQQk_Jz8aI_7yE8p-hYgqAQFsYo-O5L0x7lkSdcl_wwCq4Lwd3HqZoMv-f2o1HE5K3AVroWpFBksGo6uIlKLa8PdWPXFTrnMALXjNVthCNYRV5vIiDA98gnC3EtgmgEFjGp0ArCeKIBQxw"
}.
2021-06-22 18:11:54,796 DEBUG    requests_oauthlib.oauth2_session Invoking 0 token response hooks.
2021-06-22 18:11:54,796 DEBUG    requests_oauthlib.oauth2_session Obtained token {'access_token': 'ya29.a0AfH6SMALgI3bcCQLU1xT_H6EtuYYhjAOQd4ayx7QpdQm7aQelUMiC5YqJGInN_fMpLDRSui-NDcMGP7PaIViMJVvLbgrg9IQSv-Si-mC5xP0AoUV4_BCsCxSypOchytbGIQqy7P58N_J59AYp_jPOGJQPb7USAdJmmYO', 'expires_in': 3599, 'refresh_token': '1//09xcFBjHXsTfkCgYIARAAGAkSNwF-L9Irvfe-IGQFDHeXMS0aOxYXSw_fkbA-W2ZI0E2PQguUxqvmF5ik9zI8a0eFA4VD7DOOPzI', 'scope': ['openid', 'https://www.googleapis.com/auth/cloud-platform', 'https://www.googleapis.com/auth/accounts.reauth', 'https://www.googleapis.com/auth/compute', 'https://www.googleapis.com/auth/appengine.admin', 'https://www.googleapis.com/auth/userinfo.email'], 'token_type': 'Bearer', 'id_token': 'eyJhbGciOiJSUzI1NiIsImtpZCI6IjE5ZmUyYTdiNjc5NTIzOTYwNmNhMGE3NTA3OTRhN2JkOWZkOTU5NjEiLCJ0eXAiOiJKV1QifQ.eyJpc3MiOiJodHRwczovL2FjY291bnRzLmdvb2dsZS5jb20iLCJhenAiOiIzMjU1NTk0MDU1OS5hcHBzLmdvb2dsZXVzZXJjb250ZW50LmNvbSIsImF1ZCI6IjMyNTU1OTQwNTU5LmFwcHMuZ29vZ2xldXNlcmNvbnRlbnQuY29tIiwic3ViIjoiMTE2MDc3OTkzNTAwMjE5NTE3MzgzIiwiZW1haWwiOiJkYXp5aGVyb0BnbWFpbC5jb20iLCJlbWFpbF92ZXJpZmllZCI6dHJ1ZSwiYXRfaGFzaCI6Im1KLUkweThzZi1tYkp5WEgyN1hDWHciLCJpYXQiOjE2MjQzNzQ3MTQsImV4cCI6MTYyNDM3ODMxNH0.RnfglqJ_jIM6TEZTEdkIR6tN3-RMu85NTga2L-SoMGloH_EDrXzUa_IEEvoGKm8tsRUrif4CQ14z-sK5MLrv86SNzguaxGB3chacCAsinBRX7UzHXYWSi63tpRJNCsOiBbkFGUCWUNnklSc9h5-7ArRkuaFaGbCf9lbIZ1gVgZ3SudJskqUdIp4sgKOUqE5ns_vBCyp2AQQk_Jz8aI_7yE8p-hYgqAQFsYo-O5L0x7lkSdcl_wwCq4Lwd3HqZoMv-f2o1HE5K3AVroWpFBksGo6uIlKLa8PdWPXFTrnMALXjNVthCNYRV5vIiDA98gnC3EtgmgEFjGp0ArCeKIBQxw', 'expires_at': 1624378313.796798}.
2021-06-22 18:11:54,805 INFO     ___FILE_ONLY___ 
You are now logged in as [dazyhero@gmail.com].
Your current project is [None].  You can change this setting by running:
  $ gcloud config set project PROJECT_ID

2021-06-22 18:11:54,805 INFO     root            Display format: "none"
2021-06-22 18:11:54,806 DEBUG    root            Checking for updates...
2021-06-22 18:11:54,809 DEBUG    urllib3.connectionpool Starting new HTTPS connection (1): dl.google.com:443
2021-06-22 18:11:54,960 DEBUG    urllib3.connectionpool https://dl.google.com:443 "GET /dl/cloudsdk/channels/rapid/components-2.json HTTP/1.1" 200 154398
2021-06-22 18:11:55,035 DEBUG    root            Updating notification cache...
2021-06-22 18:11:55,035 DEBUG    root            Activating notification: [default]
2021-06-22 18:11:55,035 INFO     ___FILE_ONLY___ 

Updates are available for some Cloud SDK components.  To install them,
please run:
  $ gcloud components update


