2021-06-30 19:08:07,864 DEBUG    root            Loaded Command Group: ['gcloud', 'config']
2021-06-30 19:08:07,868 DEBUG    root            Loaded Command Group: ['gcloud', 'config', 'config_helper']
2021-06-30 19:08:07,870 DEBUG    root            Running [gcloud.config.config-helper] with arguments: [--format: "json", --min-expiry: "3600"]
2021-06-30 19:08:07,882 DEBUG    google.auth.transport.requests Making request: POST https://oauth2.googleapis.com/token
2021-06-30 19:08:07,893 DEBUG    urllib3.connectionpool Starting new HTTPS connection (1): oauth2.googleapis.com:443
2021-06-30 19:08:08,048 DEBUG    urllib3.connectionpool https://oauth2.googleapis.com:443 "POST /token HTTP/1.1" 200 None
2021-06-30 19:08:08,052 DEBUG    google.auth.transport.requests Making request: POST https://oauth2.googleapis.com/token
2021-06-30 19:08:08,054 DEBUG    urllib3.connectionpool Starting new HTTPS connection (1): oauth2.googleapis.com:443
2021-06-30 19:08:08,198 DEBUG    urllib3.connectionpool https://oauth2.googleapis.com:443 "POST /token HTTP/1.1" 200 None
2021-06-30 19:08:08,205 INFO     root            Display format: "default json"
2021-06-30 19:08:08,205 INFO     ___FILE_ONLY___ {
  "configuration": {
    "active_configuration": "default",
    "properties": {
      "core": {
        "account": "dazyhero@gmail.com",
        "disable_usage_reporting": "True",
        "project": "ithub-316817"
      }
    }
  },
  "credential": {
    "access_token": "ya29.a0ARrdaM_lXTQm91zjL9rz5HnSeoEpuot9BqXBIEN2Gh_n8cEnOVlsKJ2RUXrEe6DsfgkLlOpASHW5HLZ9LEk7Rh2ILOP1dBUh8QIS3Tv7kV3IhwyhWF9g6HjJeFVnkZMeVRdmmAvsNGxR4j8E9c0xNf9UJePB33RULfCLqw",
    "id_token": "eyJhbGciOiJSUzI1NiIsImtpZCI6IjExMmU0YjUyYWI4MzMwMTdkMzg1Y2UwZDBiNGM2MDU4N2VkMjU4NDIiLCJ0eXAiOiJKV1QifQ.eyJpc3MiOiJodHRwczovL2FjY291bnRzLmdvb2dsZS5jb20iLCJhenAiOiIzMjU1NTk0MDU1OS5hcHBzLmdvb2dsZXVzZXJjb250ZW50LmNvbSIsImF1ZCI6IjMyNTU1OTQwNTU5LmFwcHMuZ29vZ2xldXNlcmNvbnRlbnQuY29tIiwic3ViIjoiMTE2MDc3OTkzNTAwMjE5NTE3MzgzIiwiZW1haWwiOiJkYXp5aGVyb0BnbWFpbC5jb20iLCJlbWFpbF92ZXJpZmllZCI6dHJ1ZSwiYXRfaGFzaCI6IlhtVklSdlJ1aHBuTUdDc0lEYlk4ekEiLCJpYXQiOjE2MjUwNjkyODgsImV4cCI6MTYyNTA3Mjg4OH0.CEIWRF6x2iSjmqFUMKX77L2e3WjMf692SWEVt50pn-j33RpJlh0aIaxTtw7zai_YxEzpYX8ntSzdOtaubO_3yFzkhANiluz5jXYdevDiu4pNKQBOVBehO8GIF8o9H-4VPMdL2kYmx9BzJY7PoFqt9UEGzv3mnGakD3Y6aPsyLe3Zf_pAJdlkC6PEZ3uHZM0WQWU5X6Cm4SoZnw2QiVXN-P-cWEybBO2a_bOTsLLIGqX9ZrveBWbVHPyFChfJ_3FJrtSYusnFM0jkrniTm_6kE21AW8e7z0UuVJXGwYKPey1vX2DMpv4PtuAfi4QGXDPDuljFxgrYamobU99CbrqYUg",
    "token_expiry": "2021-06-30T17:08:07Z"
  },
  "sentinels": {
    "config_sentinel": "/Users/dazyhero/.config/gcloud/config_sentinel"
  }
}
2021-06-30 19:08:08,205 INFO     ___FILE_ONLY___ 

