2021-06-30 20:58:08,853 DEBUG    root            Loaded Command Group: ['gcloud', 'config']
2021-06-30 20:58:08,857 DEBUG    root            Loaded Command Group: ['gcloud', 'config', 'config_helper']
2021-06-30 20:58:08,858 DEBUG    root            Running [gcloud.config.config-helper] with arguments: [--format: "json", --min-expiry: "3600"]
2021-06-30 20:58:08,872 DEBUG    google.auth.transport.requests Making request: POST https://oauth2.googleapis.com/token
2021-06-30 20:58:08,882 DEBUG    urllib3.connectionpool Starting new HTTPS connection (1): oauth2.googleapis.com:443
2021-06-30 20:58:09,031 DEBUG    urllib3.connectionpool https://oauth2.googleapis.com:443 "POST /token HTTP/1.1" 200 None
2021-06-30 20:58:09,035 DEBUG    google.auth.transport.requests Making request: POST https://oauth2.googleapis.com/token
2021-06-30 20:58:09,036 DEBUG    urllib3.connectionpool Starting new HTTPS connection (1): oauth2.googleapis.com:443
2021-06-30 20:58:09,196 DEBUG    urllib3.connectionpool https://oauth2.googleapis.com:443 "POST /token HTTP/1.1" 200 None
2021-06-30 20:58:09,202 INFO     root            Display format: "default json"
2021-06-30 20:58:09,202 INFO     ___FILE_ONLY___ {
  "configuration": {
    "active_configuration": "default",
    "properties": {
      "core": {
        "account": "dazyhero@gmail.com",
        "disable_usage_reporting": "True",
        "project": "ithub-316817"
      }
    }
  },
  "credential": {
    "access_token": "ya29.a0ARrdaM_kRInWM0EcpAzTBEIqthz3DdIXuHSvNzi7K0qEszceQkUnpUC5y27AFGMuovGKRoTZpmc1_BetsqOxxfWlp9mN5vfVIHip_jW5OifhwNTfvPW68gxjOUEKKgTXhNkoPo5pyHtTCaMGB279fcpUSZtY5mQHVINkYA",
    "id_token": "eyJhbGciOiJSUzI1NiIsImtpZCI6IjExMmU0YjUyYWI4MzMwMTdkMzg1Y2UwZDBiNGM2MDU4N2VkMjU4NDIiLCJ0eXAiOiJKV1QifQ.eyJpc3MiOiJodHRwczovL2FjY291bnRzLmdvb2dsZS5jb20iLCJhenAiOiIzMjU1NTk0MDU1OS5hcHBzLmdvb2dsZXVzZXJjb250ZW50LmNvbSIsImF1ZCI6IjMyNTU1OTQwNTU5LmFwcHMuZ29vZ2xldXNlcmNvbnRlbnQuY29tIiwic3ViIjoiMTE2MDc3OTkzNTAwMjE5NTE3MzgzIiwiZW1haWwiOiJkYXp5aGVyb0BnbWFpbC5jb20iLCJlbWFpbF92ZXJpZmllZCI6dHJ1ZSwiYXRfaGFzaCI6IkdNUVVaTnFqYVB4a0dCNU5NUmFja1EiLCJpYXQiOjE2MjUwNzU4ODksImV4cCI6MTYyNTA3OTQ4OX0.ThVvZXlOtX2dMhSXIn-h33N_BAHGVfH4TbYb_exD8NZZadYbOBQbuwLh8CQRQsA7rvaC_xgzgJ62D3EweKf8iegWnuTqZy5THVf7n-wpXYqrB1Fn17M6hB6xrC89JKR8If9JX-k3eoEXeWQUSC04uVEIYcia6E5MXinSPAssrPq3NX1MQ-JEx_qsrLRx8vMt-Mp1y7ZNQncNafSDBDdgP3HZbOcq8pjPjQChd4fY_dbAEJR8nATObKQEAp9j6DTbReAzTv0JkzS3CX6Bp94BkHLk6kFm8RQAl-5R1Ut1A3NqxuUmV98gA8s1jB2r6qvCipWbu0DX0YnnaaQLhbs3Rw",
    "token_expiry": "2021-06-30T18:58:08Z"
  },
  "sentinels": {
    "config_sentinel": "/Users/dazyhero/.config/gcloud/config_sentinel"
  }
}
2021-06-30 20:58:09,202 INFO     ___FILE_ONLY___ 

