2021-06-30 22:48:09,909 DEBUG    root            Loaded Command Group: ['gcloud', 'config']
2021-06-30 22:48:09,912 DEBUG    root            Loaded Command Group: ['gcloud', 'config', 'config_helper']
2021-06-30 22:48:09,914 DEBUG    root            Running [gcloud.config.config-helper] with arguments: [--format: "json", --min-expiry: "3600"]
2021-06-30 22:48:09,951 DEBUG    google.auth.transport.requests Making request: POST https://oauth2.googleapis.com/token
2021-06-30 22:48:09,972 DEBUG    urllib3.connectionpool Starting new HTTPS connection (1): oauth2.googleapis.com:443
2021-06-30 22:48:10,180 DEBUG    urllib3.connectionpool https://oauth2.googleapis.com:443 "POST /token HTTP/1.1" 200 None
2021-06-30 22:48:10,184 DEBUG    google.auth.transport.requests Making request: POST https://oauth2.googleapis.com/token
2021-06-30 22:48:10,185 DEBUG    urllib3.connectionpool Starting new HTTPS connection (1): oauth2.googleapis.com:443
2021-06-30 22:48:10,377 DEBUG    urllib3.connectionpool https://oauth2.googleapis.com:443 "POST /token HTTP/1.1" 200 None
2021-06-30 22:48:10,383 INFO     root            Display format: "default json"
2021-06-30 22:48:10,383 INFO     ___FILE_ONLY___ {
  "configuration": {
    "active_configuration": "default",
    "properties": {
      "core": {
        "account": "dazyhero@gmail.com",
        "disable_usage_reporting": "True",
        "project": "ithub-316817"
      }
    }
  },
  "credential": {
    "access_token": "ya29.a0ARrdaM_1pDzuUfOCzBMEOP4rnZU8LLb3BLcpnk9exSnaQRGwaCbvV-IZpPWYa8FffRAR9CgNofsy97Z-e6HGjTta74u3hrpZgxLSx6BRMFgiI0suinYG3QbHBE-pkC8d6mJoJCTQ8qsGDhrnVO8gmWmhJTbEHu4GWn69VQ",
    "id_token": "eyJhbGciOiJSUzI1NiIsImtpZCI6IjExMmU0YjUyYWI4MzMwMTdkMzg1Y2UwZDBiNGM2MDU4N2VkMjU4NDIiLCJ0eXAiOiJKV1QifQ.eyJpc3MiOiJodHRwczovL2FjY291bnRzLmdvb2dsZS5jb20iLCJhenAiOiIzMjU1NTk0MDU1OS5hcHBzLmdvb2dsZXVzZXJjb250ZW50LmNvbSIsImF1ZCI6IjMyNTU1OTQwNTU5LmFwcHMuZ29vZ2xldXNlcmNvbnRlbnQuY29tIiwic3ViIjoiMTE2MDc3OTkzNTAwMjE5NTE3MzgzIiwiZW1haWwiOiJkYXp5aGVyb0BnbWFpbC5jb20iLCJlbWFpbF92ZXJpZmllZCI6dHJ1ZSwiYXRfaGFzaCI6InZ6UEgxZHc0VzYwUVVuVDNrVmhWdUEiLCJpYXQiOjE2MjUwODI0OTAsImV4cCI6MTYyNTA4NjA5MH0.FJWCL5APOu3qbUXNo3e_2h27OrUWk6SfOwR0SqOSrzv-IRdmgc9WrxfxlaRlgxFQJoUYDx7thSew9OTPrNlbjR7OGeblQmFz1B1KPgyq_FAv1Mw85bmRfJMZ8FEwVPngx0h-o4EOkkpuehSuWvoGicIdNbz8wzzoenNwNbW8lpb1agEAASbBX72o7_v5Ok7pCNiY51I60rzCcZ1KpLcrjD5ZJ3bTcvqB4njOGSdSmX6XRnKYcya2AEmNlqOy82xF3RbNXx7uMLocTlolS9r0ccyJ5NSPD33lhjOZkihuwX99QriaC34N2iLaaZqZgS_ZKtPP7PEvZdYl47DQ4mb1PA",
    "token_expiry": "2021-06-30T20:48:09Z"
  },
  "sentinels": {
    "config_sentinel": "/Users/dazyhero/.config/gcloud/config_sentinel"
  }
}
2021-06-30 22:48:10,383 INFO     ___FILE_ONLY___ 

